<?xml version="1.0" encoding="UTF-8"?>
<coverage generated="1549912439405" clover="3.2.0">
  <project timestamp="1549912439405" name="All files">
    <metrics statements="396" coveredstatements="160" conditionals="159" coveredconditionals="21" methods="77" coveredmethods="10" elements="632" coveredelements="191" complexity="0" loc="396" ncloc="396" packages="5" files="9" classes="9">
      <package name="src">
        <metrics statements="72" coveredstatements="69" conditionals="15" coveredconditionals="11" methods="5" coveredmethods="3"/>
        <file name="app.ts" path="/Users/guy/payzone/scottish_power_server/src/app.ts">
          <metrics statements="72" coveredstatements="69" conditionals="15" coveredconditionals="11" methods="5" coveredmethods="3"/>
          <line num="1" count="5" type="stmt"/>
          <line num="2" count="5" type="stmt"/>
          <line num="3" count="5" type="stmt"/>
          <line num="4" count="5" type="stmt"/>
          <line num="6" count="5" type="stmt"/>
          <line num="7" count="5" type="stmt"/>
          <line num="8" count="5" type="stmt"/>
          <line num="9" count="5" type="stmt"/>
          <line num="10" count="5" type="stmt"/>
          <line num="11" count="5" type="stmt"/>
          <line num="12" count="5" type="stmt"/>
          <line num="13" count="5" type="stmt"/>
          <line num="14" count="5" type="stmt"/>
          <line num="15" count="5" type="stmt"/>
          <line num="17" count="5" type="stmt"/>
          <line num="20" count="5" type="stmt"/>
          <line num="23" count="5" type="stmt"/>
          <line num="24" count="5" type="stmt"/>
          <line num="25" count="5" type="stmt"/>
          <line num="26" count="5" type="stmt"/>
          <line num="30" count="5" type="stmt"/>
          <line num="33" count="5" type="stmt"/>
          <line num="36" count="5" type="stmt"/>
          <line num="37" count="5" type="stmt"/>
          <line num="38" count="5" type="stmt"/>
          <line num="41" count="0" type="stmt"/>
          <line num="46" count="5" type="cond" truecount="2" falsecount="0"/>
          <line num="47" count="5" type="stmt"/>
          <line num="48" count="5" type="stmt"/>
          <line num="49" count="5" type="stmt"/>
          <line num="50" count="5" type="stmt"/>
          <line num="51" count="5" type="stmt"/>
          <line num="52" count="5" type="stmt"/>
          <line num="53" count="5" type="stmt"/>
          <line num="62" count="5" type="stmt"/>
          <line num="63" count="5" type="stmt"/>
          <line num="64" count="5" type="stmt"/>
          <line num="65" count="5" type="stmt"/>
          <line num="66" count="5" type="stmt"/>
          <line num="67" count="5" type="stmt"/>
          <line num="68" count="8" type="stmt"/>
          <line num="69" count="8" type="stmt"/>
          <line num="71" count="5" type="stmt"/>
          <line num="73" count="8" type="cond" truecount="7" falsecount="0"/>
          <line num="78" count="5" type="stmt"/>
          <line num="79" count="3" type="cond" truecount="2" falsecount="2"/>
          <line num="81" count="0" type="stmt"/>
          <line num="83" count="8" type="stmt"/>
          <line num="86" count="5" type="stmt"/>
          <line num="93" count="5" type="stmt"/>
          <line num="94" count="5" type="stmt"/>
          <line num="95" count="5" type="stmt"/>
          <line num="96" count="5" type="stmt"/>
          <line num="97" count="5" type="stmt"/>
          <line num="98" count="5" type="stmt"/>
          <line num="99" count="5" type="stmt"/>
          <line num="100" count="5" type="stmt"/>
          <line num="101" count="5" type="stmt"/>
          <line num="102" count="5" type="stmt"/>
          <line num="103" count="5" type="stmt"/>
          <line num="104" count="5" type="stmt"/>
          <line num="105" count="5" type="stmt"/>
          <line num="106" count="5" type="stmt"/>
          <line num="107" count="5" type="stmt"/>
          <line num="108" count="5" type="stmt"/>
          <line num="109" count="5" type="stmt"/>
          <line num="114" count="5" type="stmt"/>
          <line num="115" count="5" type="stmt"/>
          <line num="120" count="5" type="stmt"/>
          <line num="121" count="5" type="stmt"/>
          <line num="122" count="0" type="cond" truecount="0" falsecount="2"/>
          <line num="125" count="5" type="stmt"/>
        </file>
      </package>
      <package name="src.config">
        <metrics statements="67" coveredstatements="13" conditionals="36" coveredconditionals="0" methods="15" coveredmethods="0"/>
        <file name="passport.ts" path="/Users/guy/payzone/scottish_power_server/src/config/passport.ts">
          <metrics statements="67" coveredstatements="13" conditionals="36" coveredconditionals="0" methods="15" coveredmethods="0"/>
          <line num="1" count="5" type="stmt"/>
          <line num="3" count="5" type="stmt"/>
          <line num="4" count="5" type="stmt"/>
          <line num="5" count="5" type="stmt"/>
          <line num="8" count="5" type="stmt"/>
          <line num="11" count="5" type="stmt"/>
          <line num="12" count="5" type="stmt"/>
          <line num="14" count="5" type="stmt"/>
          <line num="15" count="0" type="stmt"/>
          <line num="18" count="5" type="stmt"/>
          <line num="19" count="0" type="stmt"/>
          <line num="20" count="0" type="stmt"/>
          <line num="28" count="5" type="stmt"/>
          <line num="29" count="0" type="stmt"/>
          <line num="30" count="0" type="cond" truecount="0" falsecount="2"/>
          <line num="31" count="0" type="cond" truecount="0" falsecount="2"/>
          <line num="32" count="0" type="stmt"/>
          <line num="34" count="0" type="stmt"/>
          <line num="35" count="0" type="cond" truecount="0" falsecount="2"/>
          <line num="36" count="0" type="cond" truecount="0" falsecount="2"/>
          <line num="37" count="0" type="stmt"/>
          <line num="39" count="0" type="stmt"/>
          <line num="64" count="5" type="stmt"/>
          <line num="71" count="0" type="cond" truecount="0" falsecount="2"/>
          <line num="72" count="0" type="stmt"/>
          <line num="73" count="0" type="cond" truecount="0" falsecount="2"/>
          <line num="74" count="0" type="cond" truecount="0" falsecount="2"/>
          <line num="75" count="0" type="stmt"/>
          <line num="76" count="0" type="stmt"/>
          <line num="78" count="0" type="stmt"/>
          <line num="79" count="0" type="cond" truecount="0" falsecount="2"/>
          <line num="80" count="0" type="stmt"/>
          <line num="81" count="0" type="stmt"/>
          <line num="82" count="0" type="cond" truecount="0" falsecount="2"/>
          <line num="83" count="0" type="cond" truecount="0" falsecount="2"/>
          <line num="84" count="0" type="cond" truecount="0" falsecount="2"/>
          <line num="85" count="0" type="stmt"/>
          <line num="86" count="0" type="stmt"/>
          <line num="87" count="0" type="stmt"/>
          <line num="93" count="0" type="stmt"/>
          <line num="94" count="0" type="cond" truecount="0" falsecount="2"/>
          <line num="95" count="0" type="cond" truecount="0" falsecount="2"/>
          <line num="96" count="0" type="stmt"/>
          <line num="98" count="0" type="stmt"/>
          <line num="99" count="0" type="cond" truecount="0" falsecount="2"/>
          <line num="100" count="0" type="cond" truecount="0" falsecount="2"/>
          <line num="101" count="0" type="stmt"/>
          <line num="102" count="0" type="stmt"/>
          <line num="104" count="0" type="stmt"/>
          <line num="105" count="0" type="stmt"/>
          <line num="106" count="0" type="stmt"/>
          <line num="107" count="0" type="stmt"/>
          <line num="108" count="0" type="stmt"/>
          <line num="109" count="0" type="stmt"/>
          <line num="110" count="0" type="stmt"/>
          <line num="111" count="0" type="cond" truecount="0" falsecount="2"/>
          <line num="112" count="0" type="stmt"/>
          <line num="113" count="0" type="stmt"/>
          <line num="124" count="5" type="stmt"/>
          <line num="125" count="0" type="cond" truecount="0" falsecount="2"/>
          <line num="126" count="0" type="stmt"/>
          <line num="128" count="0" type="stmt"/>
          <line num="134" count="5" type="stmt"/>
          <line num="135" count="0" type="stmt"/>
          <line num="137" count="0" type="cond" truecount="0" falsecount="2"/>
          <line num="138" count="0" type="stmt"/>
          <line num="140" count="0" type="stmt"/>
        </file>
      </package>
      <package name="src.controllers">
        <metrics statements="207" coveredstatements="50" conditionals="86" coveredconditionals="4" methods="51" coveredmethods="7"/>
        <file name="api.ts" path="/Users/guy/payzone/scottish_power_server/src/controllers/api.ts">
          <metrics statements="9" coveredstatements="4" conditionals="2" coveredconditionals="0" methods="4" coveredmethods="1"/>
          <line num="5" count="5" type="stmt"/>
          <line num="13" count="5" type="stmt"/>
          <line num="14" count="1" type="stmt"/>
          <line num="23" count="5" type="stmt"/>
          <line num="24" count="0" type="stmt"/>
          <line num="25" count="0" type="stmt"/>
          <line num="26" count="0" type="stmt"/>
          <line num="27" count="0" type="cond" truecount="0" falsecount="2"/>
          <line num="28" count="0" type="stmt"/>
        </file>
        <file name="contact.ts" path="/Users/guy/payzone/scottish_power_server/src/controllers/contact.ts">
          <metrics statements="19" coveredstatements="12" conditionals="4" coveredconditionals="1" methods="3" coveredmethods="2"/>
          <line num="1" count="5" type="stmt"/>
          <line num="4" count="5" type="stmt"/>
          <line num="16" count="5" type="stmt"/>
          <line num="17" count="1" type="stmt"/>
          <line num="26" count="5" type="stmt"/>
          <line num="27" count="1" type="stmt"/>
          <line num="28" count="1" type="stmt"/>
          <line num="29" count="1" type="stmt"/>
          <line num="31" count="1" type="stmt"/>
          <line num="33" count="1" type="cond" truecount="1" falsecount="1"/>
          <line num="34" count="1" type="stmt"/>
          <line num="35" count="1" type="stmt"/>
          <line num="38" count="0" type="stmt"/>
          <line num="45" count="0" type="stmt"/>
          <line num="46" count="0" type="cond" truecount="0" falsecount="2"/>
          <line num="47" count="0" type="stmt"/>
          <line num="48" count="0" type="stmt"/>
          <line num="50" count="0" type="stmt"/>
          <line num="51" count="0" type="stmt"/>
        </file>
        <file name="home.ts" path="/Users/guy/payzone/scottish_power_server/src/controllers/home.ts">
          <metrics statements="2" coveredstatements="2" conditionals="0" coveredconditionals="0" methods="1" coveredmethods="1"/>
          <line num="7" count="5" type="stmt"/>
          <line num="8" count="1" type="stmt"/>
        </file>
        <file name="user.ts" path="/Users/guy/payzone/scottish_power_server/src/controllers/user.ts">
          <metrics statements="177" coveredstatements="32" conditionals="80" coveredconditionals="3" methods="43" coveredmethods="3"/>
          <line num="1" count="5" type="stmt"/>
          <line num="2" count="5" type="stmt"/>
          <line num="3" count="5" type="stmt"/>
          <line num="4" count="5" type="stmt"/>
          <line num="5" count="5" type="stmt"/>
          <line num="9" count="5" type="stmt"/>
          <line num="10" count="5" type="stmt"/>
          <line num="17" count="5" type="stmt"/>
          <line num="18" count="1" type="cond" truecount="1" falsecount="1"/>
          <line num="19" count="0" type="stmt"/>
          <line num="21" count="1" type="stmt"/>
          <line num="30" count="5" type="stmt"/>
          <line num="31" count="1" type="stmt"/>
          <line num="32" count="1" type="stmt"/>
          <line num="33" count="1" type="stmt"/>
          <line num="35" count="1" type="stmt"/>
          <line num="37" count="1" type="cond" truecount="1" falsecount="1"/>
          <line num="38" count="1" type="stmt"/>
          <line num="39" count="1" type="stmt"/>
          <line num="42" count="0" type="stmt"/>
          <line num="43" count="0" type="cond" truecount="0" falsecount="2"/>
          <line num="44" count="0" type="cond" truecount="0" falsecount="2"/>
          <line num="45" count="0" type="stmt"/>
          <line num="46" count="0" type="stmt"/>
          <line num="48" count="0" type="stmt"/>
          <line num="49" count="0" type="cond" truecount="0" falsecount="2"/>
          <line num="50" count="0" type="stmt"/>
          <line num="51" count="0" type="cond" truecount="0" falsecount="2"/>
          <line num="60" count="5" type="stmt"/>
          <line num="61" count="0" type="stmt"/>
          <line num="62" count="0" type="stmt"/>
          <line num="69" count="5" type="stmt"/>
          <line num="70" count="1" type="cond" truecount="1" falsecount="1"/>
          <line num="71" count="0" type="stmt"/>
          <line num="73" count="1" type="stmt"/>
          <line num="82" count="5" type="stmt"/>
          <line num="83" count="0" type="stmt"/>
          <line num="84" count="0" type="stmt"/>
          <line num="85" count="0" type="stmt"/>
          <line num="86" count="0" type="stmt"/>
          <line num="88" count="0" type="stmt"/>
          <line num="90" count="0" type="cond" truecount="0" falsecount="2"/>
          <line num="91" count="0" type="stmt"/>
          <line num="92" count="0" type="stmt"/>
          <line num="95" count="0" type="stmt"/>
          <line num="100" count="0" type="stmt"/>
          <line num="101" count="0" type="cond" truecount="0" falsecount="2"/>
          <line num="102" count="0" type="cond" truecount="0" falsecount="2"/>
          <line num="103" count="0" type="stmt"/>
          <line num="104" count="0" type="stmt"/>
          <line num="106" count="0" type="stmt"/>
          <line num="107" count="0" type="cond" truecount="0" falsecount="2"/>
          <line num="108" count="0" type="stmt"/>
          <line num="109" count="0" type="cond" truecount="0" falsecount="2"/>
          <line num="110" count="0" type="stmt"/>
          <line num="112" count="0" type="stmt"/>
          <line num="122" count="5" type="stmt"/>
          <line num="123" count="0" type="stmt"/>
          <line num="132" count="5" type="stmt"/>
          <line num="133" count="0" type="stmt"/>
          <line num="134" count="0" type="stmt"/>
          <line num="136" count="0" type="stmt"/>
          <line num="138" count="0" type="cond" truecount="0" falsecount="2"/>
          <line num="139" count="0" type="stmt"/>
          <line num="140" count="0" type="stmt"/>
          <line num="143" count="0" type="stmt"/>
          <line num="144" count="0" type="cond" truecount="0" falsecount="2"/>
          <line num="145" count="0" type="cond" truecount="0" falsecount="2"/>
          <line num="146" count="0" type="cond" truecount="0" falsecount="2"/>
          <line num="147" count="0" type="cond" truecount="0" falsecount="2"/>
          <line num="148" count="0" type="cond" truecount="0" falsecount="2"/>
          <line num="149" count="0" type="cond" truecount="0" falsecount="2"/>
          <line num="150" count="0" type="stmt"/>
          <line num="151" count="0" type="cond" truecount="0" falsecount="2"/>
          <line num="152" count="0" type="cond" truecount="0" falsecount="2"/>
          <line num="153" count="0" type="stmt"/>
          <line num="154" count="0" type="stmt"/>
          <line num="156" count="0" type="stmt"/>
          <line num="158" count="0" type="stmt"/>
          <line num="159" count="0" type="stmt"/>
          <line num="168" count="5" type="stmt"/>
          <line num="169" count="0" type="stmt"/>
          <line num="170" count="0" type="stmt"/>
          <line num="172" count="0" type="stmt"/>
          <line num="174" count="0" type="cond" truecount="0" falsecount="2"/>
          <line num="175" count="0" type="stmt"/>
          <line num="176" count="0" type="stmt"/>
          <line num="179" count="0" type="stmt"/>
          <line num="180" count="0" type="cond" truecount="0" falsecount="2"/>
          <line num="181" count="0" type="stmt"/>
          <line num="182" count="0" type="stmt"/>
          <line num="183" count="0" type="cond" truecount="0" falsecount="2"/>
          <line num="184" count="0" type="stmt"/>
          <line num="185" count="0" type="stmt"/>
          <line num="194" count="5" type="stmt"/>
          <line num="195" count="0" type="stmt"/>
          <line num="196" count="0" type="cond" truecount="0" falsecount="2"/>
          <line num="197" count="0" type="stmt"/>
          <line num="198" count="0" type="stmt"/>
          <line num="199" count="0" type="stmt"/>
          <line num="207" count="5" type="stmt"/>
          <line num="208" count="0" type="stmt"/>
          <line num="209" count="0" type="stmt"/>
          <line num="210" count="0" type="cond" truecount="0" falsecount="2"/>
          <line num="211" count="0" type="stmt"/>
          <line num="212" count="0" type="stmt"/>
          <line num="213" count="0" type="stmt"/>
          <line num="214" count="0" type="cond" truecount="0" falsecount="2"/>
          <line num="215" count="0" type="stmt"/>
          <line num="216" count="0" type="stmt"/>
          <line num="225" count="5" type="stmt"/>
          <line num="226" count="0" type="cond" truecount="0" falsecount="2"/>
          <line num="227" count="0" type="stmt"/>
          <line num="229" count="0" type="stmt"/>
          <line num="233" count="0" type="cond" truecount="0" falsecount="2"/>
          <line num="234" count="0" type="cond" truecount="0" falsecount="2"/>
          <line num="235" count="0" type="stmt"/>
          <line num="236" count="0" type="stmt"/>
          <line num="238" count="0" type="stmt"/>
          <line num="248" count="5" type="stmt"/>
          <line num="249" count="0" type="stmt"/>
          <line num="250" count="0" type="stmt"/>
          <line num="252" count="0" type="stmt"/>
          <line num="254" count="0" type="cond" truecount="0" falsecount="2"/>
          <line num="255" count="0" type="stmt"/>
          <line num="256" count="0" type="stmt"/>
          <line num="259" count="0" type="stmt"/>
          <line num="261" count="0" type="stmt"/>
          <line num="265" count="0" type="cond" truecount="0" falsecount="2"/>
          <line num="266" count="0" type="cond" truecount="0" falsecount="2"/>
          <line num="267" count="0" type="stmt"/>
          <line num="268" count="0" type="stmt"/>
          <line num="270" count="0" type="stmt"/>
          <line num="271" count="0" type="stmt"/>
          <line num="272" count="0" type="stmt"/>
          <line num="273" count="0" type="stmt"/>
          <line num="274" count="0" type="cond" truecount="0" falsecount="2"/>
          <line num="275" count="0" type="stmt"/>
          <line num="276" count="0" type="stmt"/>
          <line num="282" count="0" type="stmt"/>
          <line num="289" count="0" type="stmt"/>
          <line num="295" count="0" type="stmt"/>
          <line num="296" count="0" type="stmt"/>
          <line num="297" count="0" type="stmt"/>
          <line num="301" count="0" type="cond" truecount="0" falsecount="2"/>
          <line num="302" count="0" type="stmt"/>
          <line num="310" count="5" type="stmt"/>
          <line num="311" count="0" type="cond" truecount="0" falsecount="2"/>
          <line num="312" count="0" type="stmt"/>
          <line num="314" count="0" type="stmt"/>
          <line num="323" count="5" type="stmt"/>
          <line num="324" count="0" type="stmt"/>
          <line num="325" count="0" type="stmt"/>
          <line num="327" count="0" type="stmt"/>
          <line num="329" count="0" type="cond" truecount="0" falsecount="2"/>
          <line num="330" count="0" type="stmt"/>
          <line num="331" count="0" type="stmt"/>
          <line num="334" count="0" type="stmt"/>
          <line num="336" count="0" type="stmt"/>
          <line num="337" count="0" type="stmt"/>
          <line num="338" count="0" type="stmt"/>
          <line num="342" count="0" type="stmt"/>
          <line num="343" count="0" type="cond" truecount="0" falsecount="2"/>
          <line num="344" count="0" type="cond" truecount="0" falsecount="2"/>
          <line num="345" count="0" type="stmt"/>
          <line num="346" count="0" type="stmt"/>
          <line num="348" count="0" type="stmt"/>
          <line num="349" count="0" type="stmt"/>
          <line num="350" count="0" type="stmt"/>
          <line num="351" count="0" type="stmt"/>
          <line num="356" count="0" type="stmt"/>
          <line num="363" count="0" type="stmt"/>
          <line num="372" count="0" type="stmt"/>
          <line num="373" count="0" type="stmt"/>
          <line num="374" count="0" type="stmt"/>
          <line num="378" count="0" type="cond" truecount="0" falsecount="2"/>
          <line num="379" count="0" type="stmt"/>
        </file>
      </package>
      <package name="src.models">
        <metrics statements="26" coveredstatements="10" conditionals="10" coveredconditionals="0" methods="6" coveredmethods="0"/>
        <file name="User.ts" path="/Users/guy/payzone/scottish_power_server/src/models/User.ts">
          <metrics statements="26" coveredstatements="10" conditionals="10" coveredconditionals="0" methods="6" coveredmethods="0"/>
          <line num="1" count="5" type="stmt"/>
          <line num="2" count="5" type="stmt"/>
          <line num="3" count="5" type="stmt"/>
          <line num="33" count="5" type="stmt"/>
          <line num="56" count="5" type="stmt"/>
          <line num="57" count="0" type="stmt"/>
          <line num="58" count="0" type="cond" truecount="0" falsecount="2"/>
          <line num="59" count="0" type="stmt"/>
          <line num="60" count="0" type="cond" truecount="0" falsecount="2"/>
          <line num="61" count="0" type="stmt"/>
          <line num="62" count="0" type="cond" truecount="0" falsecount="2"/>
          <line num="63" count="0" type="stmt"/>
          <line num="64" count="0" type="stmt"/>
          <line num="69" count="5" type="stmt"/>
          <line num="70" count="0" type="stmt"/>
          <line num="71" count="0" type="stmt"/>
          <line num="75" count="5" type="stmt"/>
          <line num="80" count="5" type="stmt"/>
          <line num="81" count="0" type="cond" truecount="0" falsecount="2"/>
          <line num="82" count="0" type="stmt"/>
          <line num="84" count="0" type="cond" truecount="0" falsecount="2"/>
          <line num="85" count="0" type="stmt"/>
          <line num="87" count="0" type="stmt"/>
          <line num="88" count="0" type="stmt"/>
          <line num="92" count="5" type="stmt"/>
          <line num="93" count="5" type="stmt"/>
        </file>
      </package>
      <package name="src.util">
        <metrics statements="24" coveredstatements="18" conditionals="12" coveredconditionals="6" methods="0" coveredmethods="0"/>
        <file name="logger.ts" path="/Users/guy/payzone/scottish_power_server/src/util/logger.ts">
          <metrics statements="6" coveredstatements="6" conditionals="4" coveredconditionals="2" methods="0" coveredmethods="0"/>
          <line num="1" count="5" type="stmt"/>
          <line num="2" count="5" type="stmt"/>
          <line num="5" count="5" type="stmt"/>
          <line num="12" count="5" type="cond" truecount="1" falsecount="1"/>
          <line num="13" count="5" type="stmt"/>
          <line num="16" count="5" type="stmt"/>
        </file>
        <file name="secrets.ts" path="/Users/guy/payzone/scottish_power_server/src/util/secrets.ts">
          <metrics statements="18" coveredstatements="12" conditionals="8" coveredconditionals="4" methods="0" coveredmethods="0"/>
          <line num="1" count="5" type="stmt"/>
          <line num="2" count="5" type="stmt"/>
          <line num="3" count="5" type="stmt"/>
          <line num="5" count="5" type="cond" truecount="1" falsecount="1"/>
          <line num="6" count="0" type="stmt"/>
          <line num="7" count="0" type="stmt"/>
          <line num="9" count="5" type="stmt"/>
          <line num="10" count="5" type="stmt"/>
          <line num="12" count="5" type="stmt"/>
          <line num="13" count="5" type="stmt"/>
          <line num="15" count="5" type="stmt"/>
          <line num="16" count="5" type="cond" truecount="1" falsecount="1"/>
          <line num="18" count="5" type="cond" truecount="1" falsecount="1"/>
          <line num="19" count="0" type="stmt"/>
          <line num="20" count="0" type="stmt"/>
          <line num="23" count="5" type="cond" truecount="1" falsecount="1"/>
          <line num="24" count="0" type="stmt"/>
          <line num="25" count="0" type="stmt"/>
        </file>
      </package>
    </metrics>
  </project>
</coverage>
