{"/Users/guy/payzone/scottish_power_server/src/app.ts": {"path":"/Users/guy/payzone/scottish_power_server/src/app.ts","statementMap":{"0":{"start":{"line":1,"column":0},"end":{"line":1,"column":29}},"1":{"start":{"line":2,"column":0},"end":{"line":2,"column":37}},"2":{"start":{"line":3,"column":0},"end":{"line":3,"column":37}},"3":{"start":{"line":4,"column":0},"end":{"line":4,"column":36}},"4":{"start":{"line":6,"column":0},"end":{"line":6,"column":25}},"5":{"start":{"line":7,"column":0},"end":{"line":7,"column":27}},"6":{"start":{"line":8,"column":0},"end":{"line":8,"column":33}},"7":{"start":{"line":9,"column":0},"end":{"line":9,"column":33}},"8":{"start":{"line":10,"column":0},"end":{"line":10,"column":23}},"9":{"start":{"line":11,"column":0},"end":{"line":11,"column":31}},"10":{"start":{"line":12,"column":0},"end":{"line":12,"column":31}},"11":{"start":{"line":13,"column":0},"end":{"line":13,"column":48}},"12":{"start":{"line":14,"column":0},"end":{"line":14,"column":31}},"13":{"start":{"line":15,"column":0},"end":{"line":15,"column":60}},"14":{"start":{"line":17,"column":19},"end":{"line":17,"column":33}},"15":{"start":{"line":20,"column":0},"end":{"line":20,"column":40}},"16":{"start":{"line":23,"column":0},"end":{"line":23,"column":52}},"17":{"start":{"line":24,"column":0},"end":{"line":24,"column":52}},"18":{"start":{"line":25,"column":0},"end":{"line":25,"column":50}},"19":{"start":{"line":26,"column":0},"end":{"line":26,"column":58}},"20":{"start":{"line":30,"column":0},"end":{"line":30,"column":51}},"21":{"start":{"line":33,"column":12},"end":{"line":33,"column":21}},"22":{"start":{"line":36,"column":17},"end":{"line":36,"column":28}},"23":{"start":{"line":37,"column":6},"end":{"line":37,"column":35}},"24":{"start":{"line":38,"column":0},"end":{"line":43,"column":3}},"25":{"start":{"line":41,"column":2},"end":{"line":41,"column":87}},"26":{"start":{"line":46,"column":0},"end":{"line":46,"column":42}},"27":{"start":{"line":47,"column":0},"end":{"line":47,"column":51}},"28":{"start":{"line":48,"column":0},"end":{"line":48,"column":30}},"29":{"start":{"line":49,"column":0},"end":{"line":49,"column":23}},"30":{"start":{"line":50,"column":0},"end":{"line":50,"column":27}},"31":{"start":{"line":51,"column":0},"end":{"line":51,"column":51}},"32":{"start":{"line":52,"column":0},"end":{"line":52,"column":28}},"33":{"start":{"line":53,"column":0},"end":{"line":61,"column":4}},"34":{"start":{"line":62,"column":0},"end":{"line":62,"column":31}},"35":{"start":{"line":63,"column":0},"end":{"line":63,"column":28}},"36":{"start":{"line":64,"column":0},"end":{"line":64,"column":17}},"37":{"start":{"line":65,"column":0},"end":{"line":65,"column":36}},"38":{"start":{"line":66,"column":0},"end":{"line":66,"column":35}},"39":{"start":{"line":67,"column":0},"end":{"line":70,"column":3}},"40":{"start":{"line":68,"column":2},"end":{"line":68,"column":29}},"41":{"start":{"line":69,"column":2},"end":{"line":69,"column":9}},"42":{"start":{"line":71,"column":0},"end":{"line":84,"column":3}},"43":{"start":{"line":73,"column":2},"end":{"line":82,"column":3}},"44":{"start":{"line":78,"column":4},"end":{"line":78,"column":36}},"45":{"start":{"line":79,"column":9},"end":{"line":82,"column":3}},"46":{"start":{"line":81,"column":4},"end":{"line":81,"column":36}},"47":{"start":{"line":83,"column":2},"end":{"line":83,"column":9}},"48":{"start":{"line":86,"column":0},"end":{"line":88,"column":2}},"49":{"start":{"line":93,"column":0},"end":{"line":93,"column":35}},"50":{"start":{"line":94,"column":0},"end":{"line":94,"column":43}},"51":{"start":{"line":95,"column":0},"end":{"line":95,"column":45}},"52":{"start":{"line":96,"column":0},"end":{"line":96,"column":42}},"53":{"start":{"line":97,"column":0},"end":{"line":97,"column":45}},"54":{"start":{"line":98,"column":0},"end":{"line":98,"column":47}},"55":{"start":{"line":99,"column":0},"end":{"line":99,"column":50}},"56":{"start":{"line":100,"column":0},"end":{"line":100,"column":52}},"57":{"start":{"line":101,"column":0},"end":{"line":101,"column":45}},"58":{"start":{"line":102,"column":0},"end":{"line":102,"column":47}},"59":{"start":{"line":103,"column":0},"end":{"line":103,"column":50}},"60":{"start":{"line":104,"column":0},"end":{"line":104,"column":52}},"61":{"start":{"line":105,"column":0},"end":{"line":105,"column":79}},"62":{"start":{"line":106,"column":0},"end":{"line":106,"column":95}},"63":{"start":{"line":107,"column":0},"end":{"line":107,"column":97}},"64":{"start":{"line":108,"column":0},"end":{"line":108,"column":94}},"65":{"start":{"line":109,"column":0},"end":{"line":109,"column":100}},"66":{"start":{"line":114,"column":0},"end":{"line":114,"column":38}},"67":{"start":{"line":115,"column":0},"end":{"line":115,"column":113}},"68":{"start":{"line":120,"column":0},"end":{"line":120,"column":101}},"69":{"start":{"line":121,"column":0},"end":{"line":123,"column":3}},"70":{"start":{"line":122,"column":2},"end":{"line":122,"column":44}},"71":{"start":{"line":125,"column":0},"end":{"line":125,"column":19}}},"fnMap":{"0":{"name":"(anonymous_2)","decl":{"start":{"line":39,"column":2},"end":{"line":39,"column":4}},"loc":{"start":{"line":39,"column":7},"end":{"line":39,"column":88}}},"1":{"name":"(anonymous_3)","decl":{"start":{"line":40,"column":8},"end":{"line":40,"column":10}},"loc":{"start":{"line":40,"column":14},"end":{"line":43,"column":1}}},"2":{"name":"(anonymous_4)","decl":{"start":{"line":67,"column":8},"end":{"line":67,"column":9}},"loc":{"start":{"line":67,"column":27},"end":{"line":70,"column":1}}},"3":{"name":"(anonymous_5)","decl":{"start":{"line":71,"column":8},"end":{"line":71,"column":9}},"loc":{"start":{"line":71,"column":27},"end":{"line":84,"column":1}}},"4":{"name":"(anonymous_6)","decl":{"start":{"line":121,"column":101},"end":{"line":121,"column":102}},"loc":{"start":{"line":121,"column":114},"end":{"line":123,"column":1}}}},"branchMap":{"0":{"loc":{"start":{"line":46,"column":16},"end":{"line":46,"column":32}},"type":"binary-expr","locations":[{"start":{"line":46,"column":16},"end":{"line":46,"column":32}},{"start":{"line":46,"column":36},"end":{"line":46,"column":40}}]},"1":{"loc":{"start":{"line":73,"column":2},"end":{"line":82,"column":3}},"type":"if","locations":[{"start":{"line":73,"column":2},"end":{"line":82,"column":3}},{"start":{"line":73,"column":2},"end":{"line":82,"column":3}}]},"2":{"loc":{"start":{"line":73,"column":6},"end":{"line":73,"column":15}},"type":"binary-expr","locations":[{"start":{"line":73,"column":6},"end":{"line":73,"column":15}},{"start":{"line":74,"column":4},"end":{"line":74,"column":25}},{"start":{"line":75,"column":4},"end":{"line":75,"column":26}},{"start":{"line":76,"column":4},"end":{"line":76,"column":30}},{"start":{"line":77,"column":4},"end":{"line":77,"column":25}}]},"3":{"loc":{"start":{"line":79,"column":9},"end":{"line":82,"column":3}},"type":"if","locations":[{"start":{"line":79,"column":9},"end":{"line":82,"column":3}},{"start":{"line":79,"column":9},"end":{"line":82,"column":3}}]},"4":{"loc":{"start":{"line":79,"column":13},"end":{"line":79,"column":21}},"type":"binary-expr","locations":[{"start":{"line":79,"column":13},"end":{"line":79,"column":21}},{"start":{"line":80,"column":4},"end":{"line":80,"column":26}}]},"5":{"loc":{"start":{"line":122,"column":15},"end":{"line":122,"column":35}},"type":"binary-expr","locations":[{"start":{"line":122,"column":15},"end":{"line":122,"column":35}},{"start":{"line":122,"column":39},"end":{"line":122,"column":42}}]}},"s":{"0":5,"1":5,"2":5,"3":5,"4":5,"5":5,"6":5,"7":5,"8":5,"9":5,"10":5,"11":5,"12":5,"13":5,"14":5,"15":5,"16":5,"17":5,"18":5,"19":5,"20":5,"21":5,"22":5,"23":5,"24":5,"25":0,"26":5,"27":5,"28":5,"29":5,"30":5,"31":5,"32":5,"33":5,"34":5,"35":5,"36":5,"37":5,"38":5,"39":5,"40":8,"41":8,"42":5,"43":8,"44":5,"45":3,"46":0,"47":8,"48":5,"49":5,"50":5,"51":5,"52":5,"53":5,"54":5,"55":5,"56":5,"57":5,"58":5,"59":5,"60":5,"61":5,"62":5,"63":5,"64":5,"65":5,"66":5,"67":5,"68":5,"69":5,"70":0,"71":5},"f":{"0":5,"1":0,"2":8,"3":8,"4":0},"b":{"0":[5,5],"1":[5,3],"2":[8,8,6,5,5],"3":[0,3],"4":[3,0],"5":[0,0]}}
,"/Users/guy/payzone/scottish_power_server/src/config/passport.ts": {"path":"/Users/guy/payzone/scottish_power_server/src/config/passport.ts","statementMap":{"0":{"start":{"line":1,"column":0},"end":{"line":1,"column":31}},"1":{"start":{"line":3,"column":0},"end":{"line":3,"column":42}},"2":{"start":{"line":4,"column":0},"end":{"line":4,"column":48}},"3":{"start":{"line":5,"column":0},"end":{"line":5,"column":22}},"4":{"start":{"line":8,"column":0},"end":{"line":8,"column":48}},"5":{"start":{"line":11,"column":22},"end":{"line":11,"column":44}},"6":{"start":{"line":12,"column":25},"end":{"line":12,"column":50}},"7":{"start":{"line":14,"column":0},"end":{"line":16,"column":3}},"8":{"start":{"line":15,"column":2},"end":{"line":15,"column":27}},"9":{"start":{"line":18,"column":0},"end":{"line":22,"column":3}},"10":{"start":{"line":19,"column":2},"end":{"line":21,"column":5}},"11":{"start":{"line":20,"column":4},"end":{"line":20,"column":20}},"12":{"start":{"line":28,"column":0},"end":{"line":42,"column":4}},"13":{"start":{"line":29,"column":2},"end":{"line":41,"column":5}},"14":{"start":{"line":30,"column":4},"end":{"line":30,"column":34}},"15":{"start":{"line":30,"column":15},"end":{"line":30,"column":32}},"16":{"start":{"line":31,"column":4},"end":{"line":33,"column":5}},"17":{"start":{"line":32,"column":6},"end":{"line":32,"column":78}},"18":{"start":{"line":34,"column":4},"end":{"line":40,"column":7}},"19":{"start":{"line":35,"column":6},"end":{"line":35,"column":36}},"20":{"start":{"line":35,"column":17},"end":{"line":35,"column":34}},"21":{"start":{"line":36,"column":6},"end":{"line":38,"column":7}},"22":{"start":{"line":37,"column":8},"end":{"line":37,"column":37}},"23":{"start":{"line":39,"column":6},"end":{"line":39,"column":79}},"24":{"start":{"line":64,"column":0},"end":{"line":119,"column":4}},"25":{"start":{"line":71,"column":2},"end":{"line":118,"column":3}},"26":{"start":{"line":72,"column":4},"end":{"line":91,"column":7}},"27":{"start":{"line":73,"column":6},"end":{"line":73,"column":36}},"28":{"start":{"line":73,"column":17},"end":{"line":73,"column":34}},"29":{"start":{"line":74,"column":6},"end":{"line":90,"column":7}},"30":{"start":{"line":75,"column":8},"end":{"line":75,"column":177}},"31":{"start":{"line":76,"column":8},"end":{"line":76,"column":18}},"32":{"start":{"line":78,"column":8},"end":{"line":89,"column":11}},"33":{"start":{"line":79,"column":10},"end":{"line":79,"column":40}},"34":{"start":{"line":79,"column":21},"end":{"line":79,"column":38}},"35":{"start":{"line":80,"column":10},"end":{"line":80,"column":37}},"36":{"start":{"line":81,"column":10},"end":{"line":81,"column":62}},"37":{"start":{"line":82,"column":10},"end":{"line":82,"column":106}},"38":{"start":{"line":83,"column":10},"end":{"line":83,"column":76}},"39":{"start":{"line":84,"column":10},"end":{"line":84,"column":119}},"40":{"start":{"line":85,"column":10},"end":{"line":88,"column":13}},"41":{"start":{"line":86,"column":12},"end":{"line":86,"column":76}},"42":{"start":{"line":87,"column":12},"end":{"line":87,"column":28}},"43":{"start":{"line":93,"column":4},"end":{"line":117,"column":7}},"44":{"start":{"line":94,"column":6},"end":{"line":94,"column":36}},"45":{"start":{"line":94,"column":17},"end":{"line":94,"column":34}},"46":{"start":{"line":95,"column":6},"end":{"line":97,"column":7}},"47":{"start":{"line":96,"column":8},"end":{"line":96,"column":45}},"48":{"start":{"line":98,"column":6},"end":{"line":116,"column":9}},"49":{"start":{"line":99,"column":8},"end":{"line":99,"column":38}},"50":{"start":{"line":99,"column":19},"end":{"line":99,"column":36}},"51":{"start":{"line":100,"column":8},"end":{"line":115,"column":9}},"52":{"start":{"line":101,"column":10},"end":{"line":101,"column":178}},"53":{"start":{"line":102,"column":10},"end":{"line":102,"column":20}},"54":{"start":{"line":104,"column":28},"end":{"line":104,"column":38}},"55":{"start":{"line":105,"column":10},"end":{"line":105,"column":43}},"56":{"start":{"line":106,"column":10},"end":{"line":106,"column":37}},"57":{"start":{"line":107,"column":10},"end":{"line":107,"column":62}},"58":{"start":{"line":108,"column":10},"end":{"line":108,"column":85}},"59":{"start":{"line":109,"column":10},"end":{"line":109,"column":53}},"60":{"start":{"line":110,"column":10},"end":{"line":110,"column":95}},"61":{"start":{"line":111,"column":10},"end":{"line":111,"column":94}},"62":{"start":{"line":112,"column":10},"end":{"line":114,"column":13}},"63":{"start":{"line":113,"column":12},"end":{"line":113,"column":28}},"64":{"start":{"line":124,"column":11},"end":{"line":129,"column":2}},"65":{"start":{"line":125,"column":2},"end":{"line":127,"column":3}},"66":{"start":{"line":126,"column":4},"end":{"line":126,"column":18}},"67":{"start":{"line":128,"column":2},"end":{"line":128,"column":25}},"68":{"start":{"line":134,"column":11},"end":{"line":142,"column":2}},"69":{"start":{"line":135,"column":19},"end":{"line":135,"column":51}},"70":{"start":{"line":137,"column":2},"end":{"line":141,"column":3}},"71":{"start":{"line":138,"column":4},"end":{"line":138,"column":11}},"72":{"start":{"line":140,"column":4},"end":{"line":140,"column":38}}},"fnMap":{"0":{"name":"(anonymous_1)","decl":{"start":{"line":14,"column":33},"end":{"line":14,"column":34}},"loc":{"start":{"line":14,"column":48},"end":{"line":16,"column":1}}},"1":{"name":"(anonymous_2)","decl":{"start":{"line":18,"column":25},"end":{"line":18,"column":26}},"loc":{"start":{"line":18,"column":38},"end":{"line":22,"column":1}}},"2":{"name":"(anonymous_3)","decl":{"start":{"line":19,"column":20},"end":{"line":19,"column":21}},"loc":{"start":{"line":19,"column":34},"end":{"line":21,"column":3}}},"3":{"name":"(anonymous_4)","decl":{"start":{"line":28,"column":59},"end":{"line":28,"column":60}},"loc":{"start":{"line":28,"column":85},"end":{"line":42,"column":1}}},"4":{"name":"(anonymous_5)","decl":{"start":{"line":29,"column":47},"end":{"line":29,"column":48}},"loc":{"start":{"line":29,"column":66},"end":{"line":41,"column":3}}},"5":{"name":"(anonymous_6)","decl":{"start":{"line":34,"column":35},"end":{"line":34,"column":36}},"loc":{"start":{"line":34,"column":68},"end":{"line":40,"column":5}}},"6":{"name":"(anonymous_7)","decl":{"start":{"line":70,"column":3},"end":{"line":70,"column":4}},"loc":{"start":{"line":70,"column":58},"end":{"line":119,"column":1}}},"7":{"name":"(anonymous_8)","decl":{"start":{"line":72,"column":43},"end":{"line":72,"column":44}},"loc":{"start":{"line":72,"column":65},"end":{"line":91,"column":5}}},"8":{"name":"(anonymous_9)","decl":{"start":{"line":78,"column":35},"end":{"line":78,"column":36}},"loc":{"start":{"line":78,"column":54},"end":{"line":89,"column":9}}},"9":{"name":"(anonymous_10)","decl":{"start":{"line":85,"column":20},"end":{"line":85,"column":21}},"loc":{"start":{"line":85,"column":35},"end":{"line":88,"column":11}}},"10":{"name":"(anonymous_11)","decl":{"start":{"line":93,"column":43},"end":{"line":93,"column":44}},"loc":{"start":{"line":93,"column":65},"end":{"line":117,"column":5}}},"11":{"name":"(anonymous_12)","decl":{"start":{"line":98,"column":51},"end":{"line":98,"column":52}},"loc":{"start":{"line":98,"column":78},"end":{"line":116,"column":7}}},"12":{"name":"(anonymous_13)","decl":{"start":{"line":112,"column":20},"end":{"line":112,"column":21}},"loc":{"start":{"line":112,"column":35},"end":{"line":114,"column":11}}},"13":{"name":"(anonymous_14)","decl":{"start":{"line":124,"column":29},"end":{"line":124,"column":30}},"loc":{"start":{"line":124,"column":81},"end":{"line":129,"column":1}}},"14":{"name":"(anonymous_15)","decl":{"start":{"line":134,"column":26},"end":{"line":134,"column":27}},"loc":{"start":{"line":134,"column":78},"end":{"line":142,"column":1}}}},"branchMap":{"0":{"loc":{"start":{"line":30,"column":4},"end":{"line":30,"column":34}},"type":"if","locations":[{"start":{"line":30,"column":4},"end":{"line":30,"column":34}},{"start":{"line":30,"column":4},"end":{"line":30,"column":34}}]},"1":{"loc":{"start":{"line":31,"column":4},"end":{"line":33,"column":5}},"type":"if","locations":[{"start":{"line":31,"column":4},"end":{"line":33,"column":5}},{"start":{"line":31,"column":4},"end":{"line":33,"column":5}}]},"2":{"loc":{"start":{"line":35,"column":6},"end":{"line":35,"column":36}},"type":"if","locations":[{"start":{"line":35,"column":6},"end":{"line":35,"column":36}},{"start":{"line":35,"column":6},"end":{"line":35,"column":36}}]},"3":{"loc":{"start":{"line":36,"column":6},"end":{"line":38,"column":7}},"type":"if","locations":[{"start":{"line":36,"column":6},"end":{"line":38,"column":7}},{"start":{"line":36,"column":6},"end":{"line":38,"column":7}}]},"4":{"loc":{"start":{"line":71,"column":2},"end":{"line":118,"column":3}},"type":"if","locations":[{"start":{"line":71,"column":2},"end":{"line":118,"column":3}},{"start":{"line":71,"column":2},"end":{"line":118,"column":3}}]},"5":{"loc":{"start":{"line":73,"column":6},"end":{"line":73,"column":36}},"type":"if","locations":[{"start":{"line":73,"column":6},"end":{"line":73,"column":36}},{"start":{"line":73,"column":6},"end":{"line":73,"column":36}}]},"6":{"loc":{"start":{"line":74,"column":6},"end":{"line":90,"column":7}},"type":"if","locations":[{"start":{"line":74,"column":6},"end":{"line":90,"column":7}},{"start":{"line":74,"column":6},"end":{"line":90,"column":7}}]},"7":{"loc":{"start":{"line":79,"column":10},"end":{"line":79,"column":40}},"type":"if","locations":[{"start":{"line":79,"column":10},"end":{"line":79,"column":40}},{"start":{"line":79,"column":10},"end":{"line":79,"column":40}}]},"8":{"loc":{"start":{"line":82,"column":30},"end":{"line":82,"column":47}},"type":"binary-expr","locations":[{"start":{"line":82,"column":30},"end":{"line":82,"column":47}},{"start":{"line":82,"column":51},"end":{"line":82,"column":105}}]},"9":{"loc":{"start":{"line":83,"column":32},"end":{"line":83,"column":51}},"type":"binary-expr","locations":[{"start":{"line":83,"column":32},"end":{"line":83,"column":51}},{"start":{"line":83,"column":55},"end":{"line":83,"column":75}}]},"10":{"loc":{"start":{"line":84,"column":33},"end":{"line":84,"column":53}},"type":"binary-expr","locations":[{"start":{"line":84,"column":33},"end":{"line":84,"column":53}},{"start":{"line":84,"column":57},"end":{"line":84,"column":118}}]},"11":{"loc":{"start":{"line":94,"column":6},"end":{"line":94,"column":36}},"type":"if","locations":[{"start":{"line":94,"column":6},"end":{"line":94,"column":36}},{"start":{"line":94,"column":6},"end":{"line":94,"column":36}}]},"12":{"loc":{"start":{"line":95,"column":6},"end":{"line":97,"column":7}},"type":"if","locations":[{"start":{"line":95,"column":6},"end":{"line":97,"column":7}},{"start":{"line":95,"column":6},"end":{"line":97,"column":7}}]},"13":{"loc":{"start":{"line":99,"column":8},"end":{"line":99,"column":38}},"type":"if","locations":[{"start":{"line":99,"column":8},"end":{"line":99,"column":38}},{"start":{"line":99,"column":8},"end":{"line":99,"column":38}}]},"14":{"loc":{"start":{"line":100,"column":8},"end":{"line":115,"column":9}},"type":"if","locations":[{"start":{"line":100,"column":8},"end":{"line":115,"column":9}},{"start":{"line":100,"column":8},"end":{"line":115,"column":9}}]},"15":{"loc":{"start":{"line":111,"column":61},"end":{"line":111,"column":88}},"type":"cond-expr","locations":[{"start":{"line":111,"column":61},"end":{"line":111,"column":88}},{"start":{"line":111,"column":91},"end":{"line":111,"column":93}}]},"16":{"loc":{"start":{"line":125,"column":2},"end":{"line":127,"column":3}},"type":"if","locations":[{"start":{"line":125,"column":2},"end":{"line":127,"column":3}},{"start":{"line":125,"column":2},"end":{"line":127,"column":3}}]},"17":{"loc":{"start":{"line":137,"column":2},"end":{"line":141,"column":3}},"type":"if","locations":[{"start":{"line":137,"column":2},"end":{"line":141,"column":3}},{"start":{"line":137,"column":2},"end":{"line":141,"column":3}}]}},"s":{"0":5,"1":5,"2":5,"3":5,"4":5,"5":5,"6":5,"7":5,"8":0,"9":5,"10":0,"11":0,"12":5,"13":0,"14":0,"15":0,"16":0,"17":0,"18":0,"19":0,"20":0,"21":0,"22":0,"23":0,"24":5,"25":0,"26":0,"27":0,"28":0,"29":0,"30":0,"31":0,"32":0,"33":0,"34":0,"35":0,"36":0,"37":0,"38":0,"39":0,"40":0,"41":0,"42":0,"43":0,"44":0,"45":0,"46":0,"47":0,"48":0,"49":0,"50":0,"51":0,"52":0,"53":0,"54":0,"55":0,"56":0,"57":0,"58":0,"59":0,"60":0,"61":0,"62":0,"63":0,"64":5,"65":0,"66":0,"67":0,"68":5,"69":0,"70":0,"71":0,"72":0},"f":{"0":0,"1":0,"2":0,"3":0,"4":0,"5":0,"6":0,"7":0,"8":0,"9":0,"10":0,"11":0,"12":0,"13":0,"14":0},"b":{"0":[0,0],"1":[0,0],"2":[0,0],"3":[0,0],"4":[0,0],"5":[0,0],"6":[0,0],"7":[0,0],"8":[0,0],"9":[0,0],"10":[0,0],"11":[0,0],"12":[0,0],"13":[0,0],"14":[0,0],"15":[0,0],"16":[0,0],"17":[0,0]}}
,"/Users/guy/payzone/scottish_power_server/src/controllers/api.ts": {"path":"/Users/guy/payzone/scottish_power_server/src/controllers/api.ts","statementMap":{"0":{"start":{"line":5,"column":0},"end":{"line":5,"column":27}},"1":{"start":{"line":13,"column":11},"end":{"line":17,"column":2}},"2":{"start":{"line":14,"column":2},"end":{"line":16,"column":5}},"3":{"start":{"line":23,"column":11},"end":{"line":33,"column":2}},"4":{"start":{"line":24,"column":16},"end":{"line":24,"column":79}},"5":{"start":{"line":24,"column":53},"end":{"line":24,"column":78}},"6":{"start":{"line":25,"column":2},"end":{"line":25,"column":42}},"7":{"start":{"line":26,"column":2},"end":{"line":32,"column":5}},"8":{"start":{"line":27,"column":4},"end":{"line":27,"column":34}},"9":{"start":{"line":27,"column":15},"end":{"line":27,"column":32}},"10":{"start":{"line":28,"column":4},"end":{"line":31,"column":7}}},"fnMap":{"0":{"name":"(anonymous_1)","decl":{"start":{"line":13,"column":20},"end":{"line":13,"column":21}},"loc":{"start":{"line":13,"column":52},"end":{"line":17,"column":1}}},"1":{"name":"(anonymous_2)","decl":{"start":{"line":23,"column":25},"end":{"line":23,"column":26}},"loc":{"start":{"line":23,"column":77},"end":{"line":33,"column":1}}},"2":{"name":"(anonymous_3)","decl":{"start":{"line":24,"column":37},"end":{"line":24,"column":38}},"loc":{"start":{"line":24,"column":53},"end":{"line":24,"column":78}}},"3":{"name":"(anonymous_4)","decl":{"start":{"line":26,"column":106},"end":{"line":26,"column":107}},"loc":{"start":{"line":26,"column":150},"end":{"line":32,"column":3}}}},"branchMap":{"0":{"loc":{"start":{"line":27,"column":4},"end":{"line":27,"column":34}},"type":"if","locations":[{"start":{"line":27,"column":4},"end":{"line":27,"column":34}},{"start":{"line":27,"column":4},"end":{"line":27,"column":34}}]}},"s":{"0":5,"1":5,"2":1,"3":5,"4":0,"5":0,"6":0,"7":0,"8":0,"9":0,"10":0},"f":{"0":1,"1":0,"2":0,"3":0},"b":{"0":[0,0]}}
,"/Users/guy/payzone/scottish_power_server/src/controllers/contact.ts": {"path":"/Users/guy/payzone/scottish_power_server/src/controllers/contact.ts","statementMap":{"0":{"start":{"line":1,"column":0},"end":{"line":1,"column":35}},"1":{"start":{"line":4,"column":20},"end":{"line":10,"column":2}},"2":{"start":{"line":16,"column":11},"end":{"line":20,"column":2}},"3":{"start":{"line":17,"column":2},"end":{"line":19,"column":5}},"4":{"start":{"line":26,"column":11},"end":{"line":53,"column":2}},"5":{"start":{"line":27,"column":2},"end":{"line":27,"column":56}},"6":{"start":{"line":28,"column":2},"end":{"line":28,"column":54}},"7":{"start":{"line":29,"column":2},"end":{"line":29,"column":62}},"8":{"start":{"line":31,"column":17},"end":{"line":31,"column":39}},"9":{"start":{"line":33,"column":2},"end":{"line":36,"column":3}},"10":{"start":{"line":34,"column":4},"end":{"line":34,"column":32}},"11":{"start":{"line":35,"column":4},"end":{"line":35,"column":36}},"12":{"start":{"line":38,"column":22},"end":{"line":43,"column":3}},"13":{"start":{"line":45,"column":2},"end":{"line":52,"column":5}},"14":{"start":{"line":46,"column":4},"end":{"line":49,"column":5}},"15":{"start":{"line":47,"column":6},"end":{"line":47,"column":48}},"16":{"start":{"line":48,"column":6},"end":{"line":48,"column":38}},"17":{"start":{"line":50,"column":4},"end":{"line":50,"column":71}},"18":{"start":{"line":51,"column":4},"end":{"line":51,"column":29}}},"fnMap":{"0":{"name":"(anonymous_1)","decl":{"start":{"line":16,"column":24},"end":{"line":16,"column":25}},"loc":{"start":{"line":16,"column":56},"end":{"line":20,"column":1}}},"1":{"name":"(anonymous_2)","decl":{"start":{"line":26,"column":25},"end":{"line":26,"column":26}},"loc":{"start":{"line":26,"column":57},"end":{"line":53,"column":1}}},"2":{"name":"(anonymous_3)","decl":{"start":{"line":45,"column":36},"end":{"line":45,"column":37}},"loc":{"start":{"line":45,"column":44},"end":{"line":52,"column":3}}}},"branchMap":{"0":{"loc":{"start":{"line":33,"column":2},"end":{"line":36,"column":3}},"type":"if","locations":[{"start":{"line":33,"column":2},"end":{"line":36,"column":3}},{"start":{"line":33,"column":2},"end":{"line":36,"column":3}}]},"1":{"loc":{"start":{"line":46,"column":4},"end":{"line":49,"column":5}},"type":"if","locations":[{"start":{"line":46,"column":4},"end":{"line":49,"column":5}},{"start":{"line":46,"column":4},"end":{"line":49,"column":5}}]}},"s":{"0":5,"1":5,"2":5,"3":1,"4":5,"5":1,"6":1,"7":1,"8":1,"9":1,"10":1,"11":1,"12":0,"13":0,"14":0,"15":0,"16":0,"17":0,"18":0},"f":{"0":1,"1":1,"2":0},"b":{"0":[1,0],"1":[0,0]}}
,"/Users/guy/payzone/scottish_power_server/src/controllers/home.ts": {"path":"/Users/guy/payzone/scottish_power_server/src/controllers/home.ts","statementMap":{"0":{"start":{"line":7,"column":11},"end":{"line":11,"column":2}},"1":{"start":{"line":8,"column":2},"end":{"line":10,"column":5}}},"fnMap":{"0":{"name":"(anonymous_0)","decl":{"start":{"line":7,"column":19},"end":{"line":7,"column":20}},"loc":{"start":{"line":7,"column":51},"end":{"line":11,"column":1}}}},"branchMap":{},"s":{"0":5,"1":1},"f":{"0":1},"b":{}}
,"/Users/guy/payzone/scottish_power_server/src/controllers/user.ts": {"path":"/Users/guy/payzone/scottish_power_server/src/controllers/user.ts","statementMap":{"0":{"start":{"line":1,"column":0},"end":{"line":1,"column":25}},"1":{"start":{"line":2,"column":0},"end":{"line":2,"column":27}},"2":{"start":{"line":3,"column":0},"end":{"line":3,"column":35}},"3":{"start":{"line":4,"column":0},"end":{"line":4,"column":31}},"4":{"start":{"line":5,"column":0},"end":{"line":5,"column":70}},"5":{"start":{"line":9,"column":0},"end":{"line":9,"column":28}},"6":{"start":{"line":10,"column":16},"end":{"line":10,"column":44}},"7":{"start":{"line":17,"column":11},"end":{"line":24,"column":2}},"8":{"start":{"line":18,"column":2},"end":{"line":20,"column":3}},"9":{"start":{"line":19,"column":4},"end":{"line":19,"column":29}},"10":{"start":{"line":21,"column":2},"end":{"line":23,"column":5}},"11":{"start":{"line":30,"column":11},"end":{"line":54,"column":2}},"12":{"start":{"line":31,"column":2},"end":{"line":31,"column":54}},"13":{"start":{"line":32,"column":2},"end":{"line":32,"column":64}},"14":{"start":{"line":33,"column":2},"end":{"line":33,"column":69}},"15":{"start":{"line":35,"column":17},"end":{"line":35,"column":39}},"16":{"start":{"line":37,"column":2},"end":{"line":40,"column":3}},"17":{"start":{"line":38,"column":4},"end":{"line":38,"column":32}},"18":{"start":{"line":39,"column":4},"end":{"line":39,"column":34}},"19":{"start":{"line":42,"column":2},"end":{"line":53,"column":21}},"20":{"start":{"line":43,"column":4},"end":{"line":43,"column":34}},"21":{"start":{"line":43,"column":15},"end":{"line":43,"column":32}},"22":{"start":{"line":44,"column":4},"end":{"line":47,"column":5}},"23":{"start":{"line":45,"column":6},"end":{"line":45,"column":40}},"24":{"start":{"line":46,"column":6},"end":{"line":46,"column":36}},"25":{"start":{"line":48,"column":4},"end":{"line":52,"column":7}},"26":{"start":{"line":49,"column":6},"end":{"line":49,"column":36}},"27":{"start":{"line":49,"column":17},"end":{"line":49,"column":34}},"28":{"start":{"line":50,"column":6},"end":{"line":50,"column":67}},"29":{"start":{"line":51,"column":6},"end":{"line":51,"column":48}},"30":{"start":{"line":60,"column":11},"end":{"line":63,"column":2}},"31":{"start":{"line":61,"column":2},"end":{"line":61,"column":15}},"32":{"start":{"line":62,"column":2},"end":{"line":62,"column":20}},"33":{"start":{"line":69,"column":11},"end":{"line":76,"column":2}},"34":{"start":{"line":70,"column":2},"end":{"line":72,"column":3}},"35":{"start":{"line":71,"column":4},"end":{"line":71,"column":29}},"36":{"start":{"line":73,"column":2},"end":{"line":75,"column":5}},"37":{"start":{"line":82,"column":11},"end":{"line":116,"column":2}},"38":{"start":{"line":83,"column":2},"end":{"line":83,"column":54}},"39":{"start":{"line":84,"column":2},"end":{"line":84,"column":88}},"40":{"start":{"line":85,"column":2},"end":{"line":85,"column":84}},"41":{"start":{"line":86,"column":2},"end":{"line":86,"column":69}},"42":{"start":{"line":88,"column":17},"end":{"line":88,"column":39}},"43":{"start":{"line":90,"column":2},"end":{"line":93,"column":3}},"44":{"start":{"line":91,"column":4},"end":{"line":91,"column":32}},"45":{"start":{"line":92,"column":4},"end":{"line":92,"column":35}},"46":{"start":{"line":95,"column":15},"end":{"line":98,"column":4}},"47":{"start":{"line":100,"column":2},"end":{"line":115,"column":5}},"48":{"start":{"line":101,"column":4},"end":{"line":101,"column":34}},"49":{"start":{"line":101,"column":15},"end":{"line":101,"column":32}},"50":{"start":{"line":102,"column":4},"end":{"line":105,"column":5}},"51":{"start":{"line":103,"column":6},"end":{"line":103,"column":86}},"52":{"start":{"line":104,"column":6},"end":{"line":104,"column":37}},"53":{"start":{"line":106,"column":4},"end":{"line":114,"column":7}},"54":{"start":{"line":107,"column":6},"end":{"line":107,"column":36}},"55":{"start":{"line":107,"column":17},"end":{"line":107,"column":34}},"56":{"start":{"line":108,"column":6},"end":{"line":113,"column":9}},"57":{"start":{"line":109,"column":8},"end":{"line":111,"column":9}},"58":{"start":{"line":110,"column":10},"end":{"line":110,"column":27}},"59":{"start":{"line":112,"column":8},"end":{"line":112,"column":26}},"60":{"start":{"line":122,"column":11},"end":{"line":126,"column":2}},"61":{"start":{"line":123,"column":2},"end":{"line":125,"column":5}},"62":{"start":{"line":132,"column":11},"end":{"line":162,"column":2}},"63":{"start":{"line":133,"column":2},"end":{"line":133,"column":71}},"64":{"start":{"line":134,"column":2},"end":{"line":134,"column":69}},"65":{"start":{"line":136,"column":17},"end":{"line":136,"column":39}},"66":{"start":{"line":138,"column":2},"end":{"line":141,"column":3}},"67":{"start":{"line":139,"column":4},"end":{"line":139,"column":32}},"68":{"start":{"line":140,"column":4},"end":{"line":140,"column":36}},"69":{"start":{"line":143,"column":2},"end":{"line":161,"column":5}},"70":{"start":{"line":144,"column":4},"end":{"line":144,"column":34}},"71":{"start":{"line":144,"column":15},"end":{"line":144,"column":32}},"72":{"start":{"line":145,"column":4},"end":{"line":145,"column":38}},"73":{"start":{"line":146,"column":4},"end":{"line":146,"column":44}},"74":{"start":{"line":147,"column":4},"end":{"line":147,"column":48}},"75":{"start":{"line":148,"column":4},"end":{"line":148,"column":52}},"76":{"start":{"line":149,"column":4},"end":{"line":149,"column":50}},"77":{"start":{"line":150,"column":4},"end":{"line":160,"column":7}},"78":{"start":{"line":151,"column":6},"end":{"line":157,"column":7}},"79":{"start":{"line":152,"column":8},"end":{"line":155,"column":9}},"80":{"start":{"line":153,"column":10},"end":{"line":153,"column":116}},"81":{"start":{"line":154,"column":10},"end":{"line":154,"column":42}},"82":{"start":{"line":156,"column":8},"end":{"line":156,"column":25}},"83":{"start":{"line":158,"column":6},"end":{"line":158,"column":77}},"84":{"start":{"line":159,"column":6},"end":{"line":159,"column":31}},"85":{"start":{"line":168,"column":11},"end":{"line":188,"column":2}},"86":{"start":{"line":169,"column":2},"end":{"line":169,"column":88}},"87":{"start":{"line":170,"column":2},"end":{"line":170,"column":84}},"88":{"start":{"line":172,"column":17},"end":{"line":172,"column":39}},"89":{"start":{"line":174,"column":2},"end":{"line":177,"column":3}},"90":{"start":{"line":175,"column":4},"end":{"line":175,"column":32}},"91":{"start":{"line":176,"column":4},"end":{"line":176,"column":36}},"92":{"start":{"line":179,"column":2},"end":{"line":187,"column":5}},"93":{"start":{"line":180,"column":4},"end":{"line":180,"column":34}},"94":{"start":{"line":180,"column":15},"end":{"line":180,"column":32}},"95":{"start":{"line":181,"column":4},"end":{"line":181,"column":38}},"96":{"start":{"line":182,"column":4},"end":{"line":186,"column":7}},"97":{"start":{"line":183,"column":6},"end":{"line":183,"column":36}},"98":{"start":{"line":183,"column":17},"end":{"line":183,"column":34}},"99":{"start":{"line":184,"column":6},"end":{"line":184,"column":66}},"100":{"start":{"line":185,"column":6},"end":{"line":185,"column":31}},"101":{"start":{"line":194,"column":11},"end":{"line":201,"column":2}},"102":{"start":{"line":195,"column":2},"end":{"line":200,"column":5}},"103":{"start":{"line":196,"column":4},"end":{"line":196,"column":34}},"104":{"start":{"line":196,"column":15},"end":{"line":196,"column":32}},"105":{"start":{"line":197,"column":4},"end":{"line":197,"column":17}},"106":{"start":{"line":198,"column":4},"end":{"line":198,"column":65}},"107":{"start":{"line":199,"column":4},"end":{"line":199,"column":22}},"108":{"start":{"line":207,"column":11},"end":{"line":219,"column":2}},"109":{"start":{"line":208,"column":19},"end":{"line":208,"column":38}},"110":{"start":{"line":209,"column":2},"end":{"line":218,"column":5}},"111":{"start":{"line":210,"column":4},"end":{"line":210,"column":34}},"112":{"start":{"line":210,"column":15},"end":{"line":210,"column":32}},"113":{"start":{"line":211,"column":4},"end":{"line":211,"column":31}},"114":{"start":{"line":212,"column":4},"end":{"line":212,"column":84}},"115":{"start":{"line":212,"column":59},"end":{"line":212,"column":82}},"116":{"start":{"line":213,"column":4},"end":{"line":217,"column":7}},"117":{"start":{"line":214,"column":6},"end":{"line":214,"column":36}},"118":{"start":{"line":214,"column":17},"end":{"line":214,"column":34}},"119":{"start":{"line":215,"column":6},"end":{"line":215,"column":75}},"120":{"start":{"line":216,"column":6},"end":{"line":216,"column":31}},"121":{"start":{"line":225,"column":11},"end":{"line":242,"column":2}},"122":{"start":{"line":226,"column":2},"end":{"line":228,"column":3}},"123":{"start":{"line":227,"column":4},"end":{"line":227,"column":29}},"124":{"start":{"line":229,"column":2},"end":{"line":241,"column":7}},"125":{"start":{"line":233,"column":6},"end":{"line":233,"column":36}},"126":{"start":{"line":233,"column":17},"end":{"line":233,"column":34}},"127":{"start":{"line":234,"column":6},"end":{"line":237,"column":7}},"128":{"start":{"line":235,"column":8},"end":{"line":235,"column":88}},"129":{"start":{"line":236,"column":8},"end":{"line":236,"column":39}},"130":{"start":{"line":238,"column":6},"end":{"line":240,"column":9}},"131":{"start":{"line":248,"column":11},"end":{"line":304,"column":2}},"132":{"start":{"line":249,"column":2},"end":{"line":249,"column":89}},"133":{"start":{"line":250,"column":2},"end":{"line":250,"column":75}},"134":{"start":{"line":252,"column":17},"end":{"line":252,"column":39}},"135":{"start":{"line":254,"column":2},"end":{"line":257,"column":3}},"136":{"start":{"line":255,"column":4},"end":{"line":255,"column":32}},"137":{"start":{"line":256,"column":4},"end":{"line":256,"column":32}},"138":{"start":{"line":259,"column":2},"end":{"line":303,"column":5}},"139":{"start":{"line":261,"column":6},"end":{"line":279,"column":11}},"140":{"start":{"line":265,"column":10},"end":{"line":265,"column":40}},"141":{"start":{"line":265,"column":21},"end":{"line":265,"column":38}},"142":{"start":{"line":266,"column":10},"end":{"line":269,"column":11}},"143":{"start":{"line":267,"column":12},"end":{"line":267,"column":92}},"144":{"start":{"line":268,"column":12},"end":{"line":268,"column":40}},"145":{"start":{"line":270,"column":10},"end":{"line":270,"column":44}},"146":{"start":{"line":271,"column":10},"end":{"line":271,"column":46}},"147":{"start":{"line":272,"column":10},"end":{"line":272,"column":48}},"148":{"start":{"line":273,"column":10},"end":{"line":278,"column":13}},"149":{"start":{"line":274,"column":12},"end":{"line":274,"column":42}},"150":{"start":{"line":274,"column":23},"end":{"line":274,"column":40}},"151":{"start":{"line":275,"column":12},"end":{"line":277,"column":15}},"152":{"start":{"line":276,"column":14},"end":{"line":276,"column":30}},"153":{"start":{"line":282,"column":26},"end":{"line":288,"column":8}},"154":{"start":{"line":289,"column":26},"end":{"line":294,"column":7}},"155":{"start":{"line":295,"column":6},"end":{"line":298,"column":9}},"156":{"start":{"line":296,"column":8},"end":{"line":296,"column":82}},"157":{"start":{"line":297,"column":8},"end":{"line":297,"column":18}},"158":{"start":{"line":301,"column":4},"end":{"line":301,"column":34}},"159":{"start":{"line":301,"column":15},"end":{"line":301,"column":32}},"160":{"start":{"line":302,"column":4},"end":{"line":302,"column":22}},"161":{"start":{"line":310,"column":11},"end":{"line":317,"column":2}},"162":{"start":{"line":311,"column":2},"end":{"line":313,"column":3}},"163":{"start":{"line":312,"column":4},"end":{"line":312,"column":29}},"164":{"start":{"line":314,"column":2},"end":{"line":316,"column":5}},"165":{"start":{"line":323,"column":11},"end":{"line":381,"column":2}},"166":{"start":{"line":324,"column":2},"end":{"line":324,"column":71}},"167":{"start":{"line":325,"column":2},"end":{"line":325,"column":69}},"168":{"start":{"line":327,"column":17},"end":{"line":327,"column":39}},"169":{"start":{"line":329,"column":2},"end":{"line":332,"column":3}},"170":{"start":{"line":330,"column":4},"end":{"line":330,"column":32}},"171":{"start":{"line":331,"column":4},"end":{"line":331,"column":35}},"172":{"start":{"line":334,"column":2},"end":{"line":380,"column":5}},"173":{"start":{"line":336,"column":6},"end":{"line":339,"column":9}},"174":{"start":{"line":337,"column":22},"end":{"line":337,"column":41}},"175":{"start":{"line":338,"column":8},"end":{"line":338,"column":25}},"176":{"start":{"line":342,"column":6},"end":{"line":353,"column":9}},"177":{"start":{"line":343,"column":8},"end":{"line":343,"column":38}},"178":{"start":{"line":343,"column":19},"end":{"line":343,"column":36}},"179":{"start":{"line":344,"column":8},"end":{"line":347,"column":9}},"180":{"start":{"line":345,"column":10},"end":{"line":345,"column":90}},"181":{"start":{"line":346,"column":10},"end":{"line":346,"column":41}},"182":{"start":{"line":348,"column":8},"end":{"line":348,"column":40}},"183":{"start":{"line":349,"column":8},"end":{"line":349,"column":57}},"184":{"start":{"line":350,"column":8},"end":{"line":352,"column":11}},"185":{"start":{"line":351,"column":10},"end":{"line":351,"column":33}},"186":{"start":{"line":356,"column":26},"end":{"line":362,"column":8}},"187":{"start":{"line":363,"column":26},"end":{"line":371,"column":7}},"188":{"start":{"line":372,"column":6},"end":{"line":375,"column":9}},"189":{"start":{"line":373,"column":8},"end":{"line":373,"column":106}},"190":{"start":{"line":374,"column":8},"end":{"line":374,"column":18}},"191":{"start":{"line":378,"column":4},"end":{"line":378,"column":34}},"192":{"start":{"line":378,"column":15},"end":{"line":378,"column":32}},"193":{"start":{"line":379,"column":4},"end":{"line":379,"column":28}}},"fnMap":{"0":{"name":"(anonymous_1)","decl":{"start":{"line":17,"column":22},"end":{"line":17,"column":23}},"loc":{"start":{"line":17,"column":54},"end":{"line":24,"column":1}}},"1":{"name":"(anonymous_2)","decl":{"start":{"line":30,"column":23},"end":{"line":30,"column":24}},"loc":{"start":{"line":30,"column":75},"end":{"line":54,"column":1}}},"2":{"name":"(anonymous_3)","decl":{"start":{"line":42,"column":33},"end":{"line":42,"column":34}},"loc":{"start":{"line":42,"column":87},"end":{"line":53,"column":3}}},"3":{"name":"(anonymous_4)","decl":{"start":{"line":48,"column":20},"end":{"line":48,"column":21}},"loc":{"start":{"line":48,"column":28},"end":{"line":52,"column":5}}},"4":{"name":"(anonymous_5)","decl":{"start":{"line":60,"column":20},"end":{"line":60,"column":21}},"loc":{"start":{"line":60,"column":52},"end":{"line":63,"column":1}}},"5":{"name":"(anonymous_6)","decl":{"start":{"line":69,"column":23},"end":{"line":69,"column":24}},"loc":{"start":{"line":69,"column":55},"end":{"line":76,"column":1}}},"6":{"name":"(anonymous_7)","decl":{"start":{"line":82,"column":24},"end":{"line":82,"column":25}},"loc":{"start":{"line":82,"column":76},"end":{"line":116,"column":1}}},"7":{"name":"(anonymous_8)","decl":{"start":{"line":100,"column":42},"end":{"line":100,"column":43}},"loc":{"start":{"line":100,"column":64},"end":{"line":115,"column":3}}},"8":{"name":"(anonymous_9)","decl":{"start":{"line":106,"column":14},"end":{"line":106,"column":15}},"loc":{"start":{"line":106,"column":22},"end":{"line":114,"column":5}}},"9":{"name":"(anonymous_10)","decl":{"start":{"line":108,"column":22},"end":{"line":108,"column":23}},"loc":{"start":{"line":108,"column":30},"end":{"line":113,"column":7}}},"10":{"name":"(anonymous_11)","decl":{"start":{"line":122,"column":24},"end":{"line":122,"column":25}},"loc":{"start":{"line":122,"column":56},"end":{"line":126,"column":1}}},"11":{"name":"(anonymous_12)","decl":{"start":{"line":132,"column":31},"end":{"line":132,"column":32}},"loc":{"start":{"line":132,"column":83},"end":{"line":162,"column":1}}},"12":{"name":"(anonymous_13)","decl":{"start":{"line":143,"column":29},"end":{"line":143,"column":30}},"loc":{"start":{"line":143,"column":54},"end":{"line":161,"column":3}}},"13":{"name":"(anonymous_14)","decl":{"start":{"line":150,"column":14},"end":{"line":150,"column":15}},"loc":{"start":{"line":150,"column":34},"end":{"line":160,"column":5}}},"14":{"name":"(anonymous_15)","decl":{"start":{"line":168,"column":32},"end":{"line":168,"column":33}},"loc":{"start":{"line":168,"column":84},"end":{"line":188,"column":1}}},"15":{"name":"(anonymous_16)","decl":{"start":{"line":179,"column":29},"end":{"line":179,"column":30}},"loc":{"start":{"line":179,"column":54},"end":{"line":187,"column":3}}},"16":{"name":"(anonymous_17)","decl":{"start":{"line":182,"column":14},"end":{"line":182,"column":15}},"loc":{"start":{"line":182,"column":34},"end":{"line":186,"column":5}}},"17":{"name":"(anonymous_18)","decl":{"start":{"line":194,"column":31},"end":{"line":194,"column":32}},"loc":{"start":{"line":194,"column":83},"end":{"line":201,"column":1}}},"18":{"name":"(anonymous_19)","decl":{"start":{"line":195,"column":36},"end":{"line":195,"column":37}},"loc":{"start":{"line":195,"column":44},"end":{"line":200,"column":3}}},"19":{"name":"(anonymous_20)","decl":{"start":{"line":207,"column":28},"end":{"line":207,"column":29}},"loc":{"start":{"line":207,"column":80},"end":{"line":219,"column":1}}},"20":{"name":"(anonymous_21)","decl":{"start":{"line":209,"column":29},"end":{"line":209,"column":30}},"loc":{"start":{"line":209,"column":48},"end":{"line":218,"column":3}}},"21":{"name":"(anonymous_22)","decl":{"start":{"line":212,"column":37},"end":{"line":212,"column":38}},"loc":{"start":{"line":212,"column":59},"end":{"line":212,"column":82}}},"22":{"name":"(anonymous_23)","decl":{"start":{"line":213,"column":14},"end":{"line":213,"column":15}},"loc":{"start":{"line":213,"column":34},"end":{"line":217,"column":5}}},"23":{"name":"(anonymous_24)","decl":{"start":{"line":225,"column":22},"end":{"line":225,"column":23}},"loc":{"start":{"line":225,"column":74},"end":{"line":242,"column":1}}},"24":{"name":"(anonymous_25)","decl":{"start":{"line":232,"column":10},"end":{"line":232,"column":11}},"loc":{"start":{"line":232,"column":24},"end":{"line":241,"column":5}}},"25":{"name":"(anonymous_26)","decl":{"start":{"line":248,"column":23},"end":{"line":248,"column":24}},"loc":{"start":{"line":248,"column":75},"end":{"line":304,"column":1}}},"26":{"name":"resetPassword","decl":{"start":{"line":260,"column":4},"end":{"line":260,"column":26}},"loc":{"start":{"line":260,"column":41},"end":{"line":280,"column":5}}},"27":{"name":"(anonymous_28)","decl":{"start":{"line":264,"column":14},"end":{"line":264,"column":15}},"loc":{"start":{"line":264,"column":33},"end":{"line":279,"column":9}}},"28":{"name":"(anonymous_29)","decl":{"start":{"line":273,"column":20},"end":{"line":273,"column":21}},"loc":{"start":{"line":273,"column":40},"end":{"line":278,"column":11}}},"29":{"name":"(anonymous_30)","decl":{"start":{"line":275,"column":28},"end":{"line":275,"column":29}},"loc":{"start":{"line":275,"column":36},"end":{"line":277,"column":13}}},"30":{"name":"sendResetPasswordEmail","decl":{"start":{"line":281,"column":4},"end":{"line":281,"column":35}},"loc":{"start":{"line":281,"column":67},"end":{"line":299,"column":5}}},"31":{"name":"(anonymous_32)","decl":{"start":{"line":295,"column":40},"end":{"line":295,"column":41}},"loc":{"start":{"line":295,"column":48},"end":{"line":298,"column":7}}},"32":{"name":"(anonymous_33)","decl":{"start":{"line":300,"column":5},"end":{"line":300,"column":6}},"loc":{"start":{"line":300,"column":13},"end":{"line":303,"column":3}}},"33":{"name":"(anonymous_34)","decl":{"start":{"line":310,"column":23},"end":{"line":310,"column":24}},"loc":{"start":{"line":310,"column":55},"end":{"line":317,"column":1}}},"34":{"name":"(anonymous_35)","decl":{"start":{"line":323,"column":24},"end":{"line":323,"column":25}},"loc":{"start":{"line":323,"column":76},"end":{"line":381,"column":1}}},"35":{"name":"createRandomToken","decl":{"start":{"line":335,"column":4},"end":{"line":335,"column":30}},"loc":{"start":{"line":335,"column":45},"end":{"line":340,"column":5}}},"36":{"name":"(anonymous_37)","decl":{"start":{"line":336,"column":29},"end":{"line":336,"column":30}},"loc":{"start":{"line":336,"column":42},"end":{"line":339,"column":7}}},"37":{"name":"setRandomToken","decl":{"start":{"line":341,"column":4},"end":{"line":341,"column":27}},"loc":{"start":{"line":341,"column":60},"end":{"line":354,"column":5}}},"38":{"name":"(anonymous_39)","decl":{"start":{"line":342,"column":46},"end":{"line":342,"column":47}},"loc":{"start":{"line":342,"column":65},"end":{"line":353,"column":7}}},"39":{"name":"(anonymous_40)","decl":{"start":{"line":350,"column":18},"end":{"line":350,"column":19}},"loc":{"start":{"line":350,"column":38},"end":{"line":352,"column":9}}},"40":{"name":"sendForgotPasswordEmail","decl":{"start":{"line":355,"column":4},"end":{"line":355,"column":36}},"loc":{"start":{"line":355,"column":86},"end":{"line":376,"column":5}}},"41":{"name":"(anonymous_42)","decl":{"start":{"line":372,"column":40},"end":{"line":372,"column":41}},"loc":{"start":{"line":372,"column":48},"end":{"line":375,"column":7}}},"42":{"name":"(anonymous_43)","decl":{"start":{"line":377,"column":5},"end":{"line":377,"column":6}},"loc":{"start":{"line":377,"column":13},"end":{"line":380,"column":3}}}},"branchMap":{"0":{"loc":{"start":{"line":18,"column":2},"end":{"line":20,"column":3}},"type":"if","locations":[{"start":{"line":18,"column":2},"end":{"line":20,"column":3}},{"start":{"line":18,"column":2},"end":{"line":20,"column":3}}]},"1":{"loc":{"start":{"line":37,"column":2},"end":{"line":40,"column":3}},"type":"if","locations":[{"start":{"line":37,"column":2},"end":{"line":40,"column":3}},{"start":{"line":37,"column":2},"end":{"line":40,"column":3}}]},"2":{"loc":{"start":{"line":43,"column":4},"end":{"line":43,"column":34}},"type":"if","locations":[{"start":{"line":43,"column":4},"end":{"line":43,"column":34}},{"start":{"line":43,"column":4},"end":{"line":43,"column":34}}]},"3":{"loc":{"start":{"line":44,"column":4},"end":{"line":47,"column":5}},"type":"if","locations":[{"start":{"line":44,"column":4},"end":{"line":47,"column":5}},{"start":{"line":44,"column":4},"end":{"line":47,"column":5}}]},"4":{"loc":{"start":{"line":49,"column":6},"end":{"line":49,"column":36}},"type":"if","locations":[{"start":{"line":49,"column":6},"end":{"line":49,"column":36}},{"start":{"line":49,"column":6},"end":{"line":49,"column":36}}]},"5":{"loc":{"start":{"line":51,"column":19},"end":{"line":51,"column":39}},"type":"binary-expr","locations":[{"start":{"line":51,"column":19},"end":{"line":51,"column":39}},{"start":{"line":51,"column":43},"end":{"line":51,"column":46}}]},"6":{"loc":{"start":{"line":70,"column":2},"end":{"line":72,"column":3}},"type":"if","locations":[{"start":{"line":70,"column":2},"end":{"line":72,"column":3}},{"start":{"line":70,"column":2},"end":{"line":72,"column":3}}]},"7":{"loc":{"start":{"line":90,"column":2},"end":{"line":93,"column":3}},"type":"if","locations":[{"start":{"line":90,"column":2},"end":{"line":93,"column":3}},{"start":{"line":90,"column":2},"end":{"line":93,"column":3}}]},"8":{"loc":{"start":{"line":101,"column":4},"end":{"line":101,"column":34}},"type":"if","locations":[{"start":{"line":101,"column":4},"end":{"line":101,"column":34}},{"start":{"line":101,"column":4},"end":{"line":101,"column":34}}]},"9":{"loc":{"start":{"line":102,"column":4},"end":{"line":105,"column":5}},"type":"if","locations":[{"start":{"line":102,"column":4},"end":{"line":105,"column":5}},{"start":{"line":102,"column":4},"end":{"line":105,"column":5}}]},"10":{"loc":{"start":{"line":107,"column":6},"end":{"line":107,"column":36}},"type":"if","locations":[{"start":{"line":107,"column":6},"end":{"line":107,"column":36}},{"start":{"line":107,"column":6},"end":{"line":107,"column":36}}]},"11":{"loc":{"start":{"line":109,"column":8},"end":{"line":111,"column":9}},"type":"if","locations":[{"start":{"line":109,"column":8},"end":{"line":111,"column":9}},{"start":{"line":109,"column":8},"end":{"line":111,"column":9}}]},"12":{"loc":{"start":{"line":138,"column":2},"end":{"line":141,"column":3}},"type":"if","locations":[{"start":{"line":138,"column":2},"end":{"line":141,"column":3}},{"start":{"line":138,"column":2},"end":{"line":141,"column":3}}]},"13":{"loc":{"start":{"line":144,"column":4},"end":{"line":144,"column":34}},"type":"if","locations":[{"start":{"line":144,"column":4},"end":{"line":144,"column":34}},{"start":{"line":144,"column":4},"end":{"line":144,"column":34}}]},"14":{"loc":{"start":{"line":145,"column":17},"end":{"line":145,"column":31}},"type":"binary-expr","locations":[{"start":{"line":145,"column":17},"end":{"line":145,"column":31}},{"start":{"line":145,"column":35},"end":{"line":145,"column":37}}]},"15":{"loc":{"start":{"line":146,"column":24},"end":{"line":146,"column":37}},"type":"binary-expr","locations":[{"start":{"line":146,"column":24},"end":{"line":146,"column":37}},{"start":{"line":146,"column":41},"end":{"line":146,"column":43}}]},"16":{"loc":{"start":{"line":147,"column":26},"end":{"line":147,"column":41}},"type":"binary-expr","locations":[{"start":{"line":147,"column":26},"end":{"line":147,"column":41}},{"start":{"line":147,"column":45},"end":{"line":147,"column":47}}]},"17":{"loc":{"start":{"line":148,"column":28},"end":{"line":148,"column":45}},"type":"binary-expr","locations":[{"start":{"line":148,"column":28},"end":{"line":148,"column":45}},{"start":{"line":148,"column":49},"end":{"line":148,"column":51}}]},"18":{"loc":{"start":{"line":149,"column":27},"end":{"line":149,"column":43}},"type":"binary-expr","locations":[{"start":{"line":149,"column":27},"end":{"line":149,"column":43}},{"start":{"line":149,"column":47},"end":{"line":149,"column":49}}]},"19":{"loc":{"start":{"line":151,"column":6},"end":{"line":157,"column":7}},"type":"if","locations":[{"start":{"line":151,"column":6},"end":{"line":157,"column":7}},{"start":{"line":151,"column":6},"end":{"line":157,"column":7}}]},"20":{"loc":{"start":{"line":152,"column":8},"end":{"line":155,"column":9}},"type":"if","locations":[{"start":{"line":152,"column":8},"end":{"line":155,"column":9}},{"start":{"line":152,"column":8},"end":{"line":155,"column":9}}]},"21":{"loc":{"start":{"line":174,"column":2},"end":{"line":177,"column":3}},"type":"if","locations":[{"start":{"line":174,"column":2},"end":{"line":177,"column":3}},{"start":{"line":174,"column":2},"end":{"line":177,"column":3}}]},"22":{"loc":{"start":{"line":180,"column":4},"end":{"line":180,"column":34}},"type":"if","locations":[{"start":{"line":180,"column":4},"end":{"line":180,"column":34}},{"start":{"line":180,"column":4},"end":{"line":180,"column":34}}]},"23":{"loc":{"start":{"line":183,"column":6},"end":{"line":183,"column":36}},"type":"if","locations":[{"start":{"line":183,"column":6},"end":{"line":183,"column":36}},{"start":{"line":183,"column":6},"end":{"line":183,"column":36}}]},"24":{"loc":{"start":{"line":196,"column":4},"end":{"line":196,"column":34}},"type":"if","locations":[{"start":{"line":196,"column":4},"end":{"line":196,"column":34}},{"start":{"line":196,"column":4},"end":{"line":196,"column":34}}]},"25":{"loc":{"start":{"line":210,"column":4},"end":{"line":210,"column":34}},"type":"if","locations":[{"start":{"line":210,"column":4},"end":{"line":210,"column":34}},{"start":{"line":210,"column":4},"end":{"line":210,"column":34}}]},"26":{"loc":{"start":{"line":214,"column":6},"end":{"line":214,"column":36}},"type":"if","locations":[{"start":{"line":214,"column":6},"end":{"line":214,"column":36}},{"start":{"line":214,"column":6},"end":{"line":214,"column":36}}]},"27":{"loc":{"start":{"line":226,"column":2},"end":{"line":228,"column":3}},"type":"if","locations":[{"start":{"line":226,"column":2},"end":{"line":228,"column":3}},{"start":{"line":226,"column":2},"end":{"line":228,"column":3}}]},"28":{"loc":{"start":{"line":233,"column":6},"end":{"line":233,"column":36}},"type":"if","locations":[{"start":{"line":233,"column":6},"end":{"line":233,"column":36}},{"start":{"line":233,"column":6},"end":{"line":233,"column":36}}]},"29":{"loc":{"start":{"line":234,"column":6},"end":{"line":237,"column":7}},"type":"if","locations":[{"start":{"line":234,"column":6},"end":{"line":237,"column":7}},{"start":{"line":234,"column":6},"end":{"line":237,"column":7}}]},"30":{"loc":{"start":{"line":254,"column":2},"end":{"line":257,"column":3}},"type":"if","locations":[{"start":{"line":254,"column":2},"end":{"line":257,"column":3}},{"start":{"line":254,"column":2},"end":{"line":257,"column":3}}]},"31":{"loc":{"start":{"line":265,"column":10},"end":{"line":265,"column":40}},"type":"if","locations":[{"start":{"line":265,"column":10},"end":{"line":265,"column":40}},{"start":{"line":265,"column":10},"end":{"line":265,"column":40}}]},"32":{"loc":{"start":{"line":266,"column":10},"end":{"line":269,"column":11}},"type":"if","locations":[{"start":{"line":266,"column":10},"end":{"line":269,"column":11}},{"start":{"line":266,"column":10},"end":{"line":269,"column":11}}]},"33":{"loc":{"start":{"line":274,"column":12},"end":{"line":274,"column":42}},"type":"if","locations":[{"start":{"line":274,"column":12},"end":{"line":274,"column":42}},{"start":{"line":274,"column":12},"end":{"line":274,"column":42}}]},"34":{"loc":{"start":{"line":301,"column":4},"end":{"line":301,"column":34}},"type":"if","locations":[{"start":{"line":301,"column":4},"end":{"line":301,"column":34}},{"start":{"line":301,"column":4},"end":{"line":301,"column":34}}]},"35":{"loc":{"start":{"line":311,"column":2},"end":{"line":313,"column":3}},"type":"if","locations":[{"start":{"line":311,"column":2},"end":{"line":313,"column":3}},{"start":{"line":311,"column":2},"end":{"line":313,"column":3}}]},"36":{"loc":{"start":{"line":329,"column":2},"end":{"line":332,"column":3}},"type":"if","locations":[{"start":{"line":329,"column":2},"end":{"line":332,"column":3}},{"start":{"line":329,"column":2},"end":{"line":332,"column":3}}]},"37":{"loc":{"start":{"line":343,"column":8},"end":{"line":343,"column":38}},"type":"if","locations":[{"start":{"line":343,"column":8},"end":{"line":343,"column":38}},{"start":{"line":343,"column":8},"end":{"line":343,"column":38}}]},"38":{"loc":{"start":{"line":344,"column":8},"end":{"line":347,"column":9}},"type":"if","locations":[{"start":{"line":344,"column":8},"end":{"line":347,"column":9}},{"start":{"line":344,"column":8},"end":{"line":347,"column":9}}]},"39":{"loc":{"start":{"line":378,"column":4},"end":{"line":378,"column":34}},"type":"if","locations":[{"start":{"line":378,"column":4},"end":{"line":378,"column":34}},{"start":{"line":378,"column":4},"end":{"line":378,"column":34}}]}},"s":{"0":5,"1":5,"2":5,"3":5,"4":5,"5":5,"6":5,"7":5,"8":1,"9":0,"10":1,"11":5,"12":1,"13":1,"14":1,"15":1,"16":1,"17":1,"18":1,"19":0,"20":0,"21":0,"22":0,"23":0,"24":0,"25":0,"26":0,"27":0,"28":0,"29":0,"30":5,"31":0,"32":0,"33":5,"34":1,"35":0,"36":1,"37":5,"38":0,"39":0,"40":0,"41":0,"42":0,"43":0,"44":0,"45":0,"46":0,"47":0,"48":0,"49":0,"50":0,"51":0,"52":0,"53":0,"54":0,"55":0,"56":0,"57":0,"58":0,"59":0,"60":5,"61":0,"62":5,"63":0,"64":0,"65":0,"66":0,"67":0,"68":0,"69":0,"70":0,"71":0,"72":0,"73":0,"74":0,"75":0,"76":0,"77":0,"78":0,"79":0,"80":0,"81":0,"82":0,"83":0,"84":0,"85":5,"86":0,"87":0,"88":0,"89":0,"90":0,"91":0,"92":0,"93":0,"94":0,"95":0,"96":0,"97":0,"98":0,"99":0,"100":0,"101":5,"102":0,"103":0,"104":0,"105":0,"106":0,"107":0,"108":5,"109":0,"110":0,"111":0,"112":0,"113":0,"114":0,"115":0,"116":0,"117":0,"118":0,"119":0,"120":0,"121":5,"122":0,"123":0,"124":0,"125":0,"126":0,"127":0,"128":0,"129":0,"130":0,"131":5,"132":0,"133":0,"134":0,"135":0,"136":0,"137":0,"138":0,"139":0,"140":0,"141":0,"142":0,"143":0,"144":0,"145":0,"146":0,"147":0,"148":0,"149":0,"150":0,"151":0,"152":0,"153":0,"154":0,"155":0,"156":0,"157":0,"158":0,"159":0,"160":0,"161":5,"162":0,"163":0,"164":0,"165":5,"166":0,"167":0,"168":0,"169":0,"170":0,"171":0,"172":0,"173":0,"174":0,"175":0,"176":0,"177":0,"178":0,"179":0,"180":0,"181":0,"182":0,"183":0,"184":0,"185":0,"186":0,"187":0,"188":0,"189":0,"190":0,"191":0,"192":0,"193":0},"f":{"0":1,"1":1,"2":0,"3":0,"4":0,"5":1,"6":0,"7":0,"8":0,"9":0,"10":0,"11":0,"12":0,"13":0,"14":0,"15":0,"16":0,"17":0,"18":0,"19":0,"20":0,"21":0,"22":0,"23":0,"24":0,"25":0,"26":0,"27":0,"28":0,"29":0,"30":0,"31":0,"32":0,"33":0,"34":0,"35":0,"36":0,"37":0,"38":0,"39":0,"40":0,"41":0,"42":0},"b":{"0":[0,1],"1":[1,0],"2":[0,0],"3":[0,0],"4":[0,0],"5":[0,0],"6":[0,1],"7":[0,0],"8":[0,0],"9":[0,0],"10":[0,0],"11":[0,0],"12":[0,0],"13":[0,0],"14":[0,0],"15":[0,0],"16":[0,0],"17":[0,0],"18":[0,0],"19":[0,0],"20":[0,0],"21":[0,0],"22":[0,0],"23":[0,0],"24":[0,0],"25":[0,0],"26":[0,0],"27":[0,0],"28":[0,0],"29":[0,0],"30":[0,0],"31":[0,0],"32":[0,0],"33":[0,0],"34":[0,0],"35":[0,0],"36":[0,0],"37":[0,0],"38":[0,0],"39":[0,0]}}
,"/Users/guy/payzone/scottish_power_server/src/models/User.ts": {"path":"/Users/guy/payzone/scottish_power_server/src/models/User.ts","statementMap":{"0":{"start":{"line":1,"column":0},"end":{"line":1,"column":34}},"1":{"start":{"line":2,"column":0},"end":{"line":2,"column":27}},"2":{"start":{"line":3,"column":0},"end":{"line":3,"column":31}},"3":{"start":{"line":33,"column":19},"end":{"line":51,"column":24}},"4":{"start":{"line":56,"column":0},"end":{"line":67,"column":3}},"5":{"start":{"line":57,"column":15},"end":{"line":57,"column":19}},"6":{"start":{"line":58,"column":2},"end":{"line":58,"column":54}},"7":{"start":{"line":58,"column":38},"end":{"line":58,"column":52}},"8":{"start":{"line":59,"column":2},"end":{"line":66,"column":5}},"9":{"start":{"line":60,"column":4},"end":{"line":60,"column":34}},"10":{"start":{"line":60,"column":15},"end":{"line":60,"column":32}},"11":{"start":{"line":61,"column":4},"end":{"line":65,"column":7}},"12":{"start":{"line":62,"column":6},"end":{"line":62,"column":36}},"13":{"start":{"line":62,"column":17},"end":{"line":62,"column":34}},"14":{"start":{"line":63,"column":6},"end":{"line":63,"column":27}},"15":{"start":{"line":64,"column":6},"end":{"line":64,"column":13}},"16":{"start":{"line":69,"column":49},"end":{"line":73,"column":1}},"17":{"start":{"line":70,"column":2},"end":{"line":72,"column":5}},"18":{"start":{"line":71,"column":4},"end":{"line":71,"column":21}},"19":{"start":{"line":75,"column":0},"end":{"line":75,"column":53}},"20":{"start":{"line":80,"column":0},"end":{"line":89,"column":2}},"21":{"start":{"line":81,"column":2},"end":{"line":83,"column":3}},"22":{"start":{"line":82,"column":4},"end":{"line":82,"column":15}},"23":{"start":{"line":84,"column":2},"end":{"line":86,"column":3}},"24":{"start":{"line":85,"column":4},"end":{"line":85,"column":60}},"25":{"start":{"line":87,"column":14},"end":{"line":87,"column":71}},"26":{"start":{"line":88,"column":2},"end":{"line":88,"column":64}},"27":{"start":{"line":92,"column":13},"end":{"line":92,"column":47}},"28":{"start":{"line":93,"column":0},"end":{"line":93,"column":20}}},"fnMap":{"0":{"name":"save","decl":{"start":{"line":56,"column":23},"end":{"line":56,"column":36}},"loc":{"start":{"line":56,"column":41},"end":{"line":67,"column":1}}},"1":{"name":"(anonymous_2)","decl":{"start":{"line":59,"column":21},"end":{"line":59,"column":22}},"loc":{"start":{"line":59,"column":35},"end":{"line":66,"column":3}}},"2":{"name":"(anonymous_3)","decl":{"start":{"line":61,"column":48},"end":{"line":61,"column":49}},"loc":{"start":{"line":61,"column":78},"end":{"line":65,"column":5}}},"3":{"name":"(anonymous_4)","decl":{"start":{"line":69,"column":49},"end":{"line":69,"column":58}},"loc":{"start":{"line":69,"column":80},"end":{"line":73,"column":1}}},"4":{"name":"(anonymous_5)","decl":{"start":{"line":70,"column":51},"end":{"line":70,"column":52}},"loc":{"start":{"line":70,"column":93},"end":{"line":72,"column":3}}},"5":{"name":"(anonymous_6)","decl":{"start":{"line":80,"column":30},"end":{"line":80,"column":39}},"loc":{"start":{"line":80,"column":52},"end":{"line":89,"column":1}}}},"branchMap":{"0":{"loc":{"start":{"line":58,"column":2},"end":{"line":58,"column":54}},"type":"if","locations":[{"start":{"line":58,"column":2},"end":{"line":58,"column":54}},{"start":{"line":58,"column":2},"end":{"line":58,"column":54}}]},"1":{"loc":{"start":{"line":60,"column":4},"end":{"line":60,"column":34}},"type":"if","locations":[{"start":{"line":60,"column":4},"end":{"line":60,"column":34}},{"start":{"line":60,"column":4},"end":{"line":60,"column":34}}]},"2":{"loc":{"start":{"line":62,"column":6},"end":{"line":62,"column":36}},"type":"if","locations":[{"start":{"line":62,"column":6},"end":{"line":62,"column":36}},{"start":{"line":62,"column":6},"end":{"line":62,"column":36}}]},"3":{"loc":{"start":{"line":81,"column":2},"end":{"line":83,"column":3}},"type":"if","locations":[{"start":{"line":81,"column":2},"end":{"line":83,"column":3}},{"start":{"line":81,"column":2},"end":{"line":83,"column":3}}]},"4":{"loc":{"start":{"line":84,"column":2},"end":{"line":86,"column":3}},"type":"if","locations":[{"start":{"line":84,"column":2},"end":{"line":86,"column":3}},{"start":{"line":84,"column":2},"end":{"line":86,"column":3}}]}},"s":{"0":5,"1":5,"2":5,"3":5,"4":5,"5":0,"6":0,"7":0,"8":0,"9":0,"10":0,"11":0,"12":0,"13":0,"14":0,"15":0,"16":5,"17":0,"18":0,"19":5,"20":5,"21":0,"22":0,"23":0,"24":0,"25":0,"26":0,"27":5,"28":5},"f":{"0":0,"1":0,"2":0,"3":0,"4":0,"5":0},"b":{"0":[0,0],"1":[0,0],"2":[0,0],"3":[0,0],"4":[0,0]}}
,"/Users/guy/payzone/scottish_power_server/src/util/logger.ts": {"path":"/Users/guy/payzone/scottish_power_server/src/util/logger.ts","statementMap":{"0":{"start":{"line":1,"column":0},"end":{"line":1,"column":29}},"1":{"start":{"line":2,"column":0},"end":{"line":2,"column":32}},"2":{"start":{"line":5,"column":15},"end":{"line":10,"column":2}},"3":{"start":{"line":12,"column":0},"end":{"line":14,"column":1}},"4":{"start":{"line":13,"column":4},"end":{"line":13,"column":55}},"5":{"start":{"line":16,"column":0},"end":{"line":16,"column":22}}},"fnMap":{},"branchMap":{"0":{"loc":{"start":{"line":7,"column":90},"end":{"line":7,"column":97}},"type":"cond-expr","locations":[{"start":{"line":7,"column":90},"end":{"line":7,"column":97}},{"start":{"line":7,"column":100},"end":{"line":7,"column":107}}]},"1":{"loc":{"start":{"line":12,"column":0},"end":{"line":14,"column":1}},"type":"if","locations":[{"start":{"line":12,"column":0},"end":{"line":14,"column":1}},{"start":{"line":12,"column":0},"end":{"line":14,"column":1}}]}},"s":{"0":5,"1":5,"2":5,"3":5,"4":5,"5":5},"f":{},"b":{"0":[0,5],"1":[5,0]}}
,"/Users/guy/payzone/scottish_power_server/src/util/secrets.ts": {"path":"/Users/guy/payzone/scottish_power_server/src/util/secrets.ts","statementMap":{"0":{"start":{"line":1,"column":0},"end":{"line":1,"column":29}},"1":{"start":{"line":2,"column":0},"end":{"line":2,"column":27}},"2":{"start":{"line":3,"column":0},"end":{"line":3,"column":19}},"3":{"start":{"line":5,"column":0},"end":{"line":11,"column":1}},"4":{"start":{"line":6,"column":4},"end":{"line":6,"column":75}},"5":{"start":{"line":7,"column":4},"end":{"line":7,"column":36}},"6":{"start":{"line":9,"column":4},"end":{"line":9,"column":83}},"7":{"start":{"line":10,"column":4},"end":{"line":10,"column":44}},"8":{"start":{"line":12,"column":13},"end":{"line":12,"column":48}},"9":{"start":{"line":13,"column":13},"end":{"line":13,"column":41}},"10":{"start":{"line":15,"column":13},"end":{"line":15,"column":60}},"11":{"start":{"line":16,"column":13},"end":{"line":16,"column":96}},"12":{"start":{"line":18,"column":0},"end":{"line":21,"column":1}},"13":{"start":{"line":19,"column":4},"end":{"line":19,"column":79}},"14":{"start":{"line":20,"column":4},"end":{"line":20,"column":20}},"15":{"start":{"line":23,"column":0},"end":{"line":26,"column":1}},"16":{"start":{"line":24,"column":4},"end":{"line":24,"column":86}},"17":{"start":{"line":25,"column":4},"end":{"line":25,"column":20}}},"fnMap":{},"branchMap":{"0":{"loc":{"start":{"line":5,"column":0},"end":{"line":11,"column":1}},"type":"if","locations":[{"start":{"line":5,"column":0},"end":{"line":11,"column":1}},{"start":{"line":5,"column":0},"end":{"line":11,"column":1}}]},"1":{"loc":{"start":{"line":16,"column":34},"end":{"line":16,"column":60}},"type":"cond-expr","locations":[{"start":{"line":16,"column":34},"end":{"line":16,"column":60}},{"start":{"line":16,"column":63},"end":{"line":16,"column":95}}]},"2":{"loc":{"start":{"line":18,"column":0},"end":{"line":21,"column":1}},"type":"if","locations":[{"start":{"line":18,"column":0},"end":{"line":21,"column":1}},{"start":{"line":18,"column":0},"end":{"line":21,"column":1}}]},"3":{"loc":{"start":{"line":23,"column":0},"end":{"line":26,"column":1}},"type":"if","locations":[{"start":{"line":23,"column":0},"end":{"line":26,"column":1}},{"start":{"line":23,"column":0},"end":{"line":26,"column":1}}]}},"s":{"0":5,"1":5,"2":5,"3":5,"4":0,"5":0,"6":5,"7":5,"8":5,"9":5,"10":5,"11":5,"12":5,"13":0,"14":0,"15":5,"16":0,"17":0},"f":{},"b":{"0":[0,5],"1":[0,5],"2":[0,5],"3":[0,5]}}
}
