TN:
SF:/Users/guy/payzone/scottish_power_server/src/app.ts
FN:39,(anonymous_2)
FN:40,(anonymous_3)
FN:67,(anonymous_4)
FN:71,(anonymous_5)
FN:121,(anonymous_6)
FNF:5
FNH:3
FNDA:5,(anonymous_2)
FNDA:0,(anonymous_3)
FNDA:8,(anonymous_4)
FNDA:8,(anonymous_5)
FNDA:0,(anonymous_6)
DA:1,5
DA:2,5
DA:3,5
DA:4,5
DA:6,5
DA:7,5
DA:8,5
DA:9,5
DA:10,5
DA:11,5
DA:12,5
DA:13,5
DA:14,5
DA:15,5
DA:17,5
DA:20,5
DA:23,5
DA:24,5
DA:25,5
DA:26,5
DA:30,5
DA:33,5
DA:36,5
DA:37,5
DA:38,5
DA:41,0
DA:46,5
DA:47,5
DA:48,5
DA:49,5
DA:50,5
DA:51,5
DA:52,5
DA:53,5
DA:62,5
DA:63,5
DA:64,5
DA:65,5
DA:66,5
DA:67,5
DA:68,8
DA:69,8
DA:71,5
DA:73,8
DA:78,5
DA:79,3
DA:81,0
DA:83,8
DA:86,5
DA:93,5
DA:94,5
DA:95,5
DA:96,5
DA:97,5
DA:98,5
DA:99,5
DA:100,5
DA:101,5
DA:102,5
DA:103,5
DA:104,5
DA:105,5
DA:106,5
DA:107,5
DA:108,5
DA:109,5
DA:114,5
DA:115,5
DA:120,5
DA:121,5
DA:122,0
DA:125,5
LF:72
LH:69
BRDA:46,0,0,5
BRDA:46,0,1,5
BRDA:73,1,0,5
BRDA:73,1,1,3
BRDA:73,2,0,8
BRDA:73,2,1,8
BRDA:73,2,2,6
BRDA:73,2,3,5
BRDA:73,2,4,5
BRDA:79,3,0,0
BRDA:79,3,1,3
BRDA:79,4,0,3
BRDA:79,4,1,0
BRDA:122,5,0,0
BRDA:122,5,1,0
BRF:15
BRH:11
end_of_record
TN:
SF:/Users/guy/payzone/scottish_power_server/src/config/passport.ts
FN:14,(anonymous_1)
FN:18,(anonymous_2)
FN:19,(anonymous_3)
FN:28,(anonymous_4)
FN:29,(anonymous_5)
FN:34,(anonymous_6)
FN:70,(anonymous_7)
FN:72,(anonymous_8)
FN:78,(anonymous_9)
FN:85,(anonymous_10)
FN:93,(anonymous_11)
FN:98,(anonymous_12)
FN:112,(anonymous_13)
FN:124,(anonymous_14)
FN:134,(anonymous_15)
FNF:15
FNH:0
FNDA:0,(anonymous_1)
FNDA:0,(anonymous_2)
FNDA:0,(anonymous_3)
FNDA:0,(anonymous_4)
FNDA:0,(anonymous_5)
FNDA:0,(anonymous_6)
FNDA:0,(anonymous_7)
FNDA:0,(anonymous_8)
FNDA:0,(anonymous_9)
FNDA:0,(anonymous_10)
FNDA:0,(anonymous_11)
FNDA:0,(anonymous_12)
FNDA:0,(anonymous_13)
FNDA:0,(anonymous_14)
FNDA:0,(anonymous_15)
DA:1,5
DA:3,5
DA:4,5
DA:5,5
DA:8,5
DA:11,5
DA:12,5
DA:14,5
DA:15,0
DA:18,5
DA:19,0
DA:20,0
DA:28,5
DA:29,0
DA:30,0
DA:31,0
DA:32,0
DA:34,0
DA:35,0
DA:36,0
DA:37,0
DA:39,0
DA:64,5
DA:71,0
DA:72,0
DA:73,0
DA:74,0
DA:75,0
DA:76,0
DA:78,0
DA:79,0
DA:80,0
DA:81,0
DA:82,0
DA:83,0
DA:84,0
DA:85,0
DA:86,0
DA:87,0
DA:93,0
DA:94,0
DA:95,0
DA:96,0
DA:98,0
DA:99,0
DA:100,0
DA:101,0
DA:102,0
DA:104,0
DA:105,0
DA:106,0
DA:107,0
DA:108,0
DA:109,0
DA:110,0
DA:111,0
DA:112,0
DA:113,0
DA:124,5
DA:125,0
DA:126,0
DA:128,0
DA:134,5
DA:135,0
DA:137,0
DA:138,0
DA:140,0
LF:67
LH:13
BRDA:30,0,0,0
BRDA:30,0,1,0
BRDA:31,1,0,0
BRDA:31,1,1,0
BRDA:35,2,0,0
BRDA:35,2,1,0
BRDA:36,3,0,0
BRDA:36,3,1,0
BRDA:71,4,0,0
BRDA:71,4,1,0
BRDA:73,5,0,0
BRDA:73,5,1,0
BRDA:74,6,0,0
BRDA:74,6,1,0
BRDA:79,7,0,0
BRDA:79,7,1,0
BRDA:82,8,0,0
BRDA:82,8,1,0
BRDA:83,9,0,0
BRDA:83,9,1,0
BRDA:84,10,0,0
BRDA:84,10,1,0
BRDA:94,11,0,0
BRDA:94,11,1,0
BRDA:95,12,0,0
BRDA:95,12,1,0
BRDA:99,13,0,0
BRDA:99,13,1,0
BRDA:100,14,0,0
BRDA:100,14,1,0
BRDA:111,15,0,0
BRDA:111,15,1,0
BRDA:125,16,0,0
BRDA:125,16,1,0
BRDA:137,17,0,0
BRDA:137,17,1,0
BRF:36
BRH:0
end_of_record
TN:
SF:/Users/guy/payzone/scottish_power_server/src/controllers/api.ts
FN:13,(anonymous_1)
FN:23,(anonymous_2)
FN:24,(anonymous_3)
FN:26,(anonymous_4)
FNF:4
FNH:1
FNDA:1,(anonymous_1)
FNDA:0,(anonymous_2)
FNDA:0,(anonymous_3)
FNDA:0,(anonymous_4)
DA:5,5
DA:13,5
DA:14,1
DA:23,5
DA:24,0
DA:25,0
DA:26,0
DA:27,0
DA:28,0
LF:9
LH:4
BRDA:27,0,0,0
BRDA:27,0,1,0
BRF:2
BRH:0
end_of_record
TN:
SF:/Users/guy/payzone/scottish_power_server/src/controllers/contact.ts
FN:16,(anonymous_1)
FN:26,(anonymous_2)
FN:45,(anonymous_3)
FNF:3
FNH:2
FNDA:1,(anonymous_1)
FNDA:1,(anonymous_2)
FNDA:0,(anonymous_3)
DA:1,5
DA:4,5
DA:16,5
DA:17,1
DA:26,5
DA:27,1
DA:28,1
DA:29,1
DA:31,1
DA:33,1
DA:34,1
DA:35,1
DA:38,0
DA:45,0
DA:46,0
DA:47,0
DA:48,0
DA:50,0
DA:51,0
LF:19
LH:12
BRDA:33,0,0,1
BRDA:33,0,1,0
BRDA:46,1,0,0
BRDA:46,1,1,0
BRF:4
BRH:1
end_of_record
TN:
SF:/Users/guy/payzone/scottish_power_server/src/controllers/home.ts
FN:7,(anonymous_0)
FNF:1
FNH:1
FNDA:1,(anonymous_0)
DA:7,5
DA:8,1
LF:2
LH:2
BRF:0
BRH:0
end_of_record
TN:
SF:/Users/guy/payzone/scottish_power_server/src/controllers/user.ts
FN:17,(anonymous_1)
FN:30,(anonymous_2)
FN:42,(anonymous_3)
FN:48,(anonymous_4)
FN:60,(anonymous_5)
FN:69,(anonymous_6)
FN:82,(anonymous_7)
FN:100,(anonymous_8)
FN:106,(anonymous_9)
FN:108,(anonymous_10)
FN:122,(anonymous_11)
FN:132,(anonymous_12)
FN:143,(anonymous_13)
FN:150,(anonymous_14)
FN:168,(anonymous_15)
FN:179,(anonymous_16)
FN:182,(anonymous_17)
FN:194,(anonymous_18)
FN:195,(anonymous_19)
FN:207,(anonymous_20)
FN:209,(anonymous_21)
FN:212,(anonymous_22)
FN:213,(anonymous_23)
FN:225,(anonymous_24)
FN:232,(anonymous_25)
FN:248,(anonymous_26)
FN:260,resetPassword
FN:264,(anonymous_28)
FN:273,(anonymous_29)
FN:275,(anonymous_30)
FN:281,sendResetPasswordEmail
FN:295,(anonymous_32)
FN:300,(anonymous_33)
FN:310,(anonymous_34)
FN:323,(anonymous_35)
FN:335,createRandomToken
FN:336,(anonymous_37)
FN:341,setRandomToken
FN:342,(anonymous_39)
FN:350,(anonymous_40)
FN:355,sendForgotPasswordEmail
FN:372,(anonymous_42)
FN:377,(anonymous_43)
FNF:43
FNH:3
FNDA:1,(anonymous_1)
FNDA:1,(anonymous_2)
FNDA:0,(anonymous_3)
FNDA:0,(anonymous_4)
FNDA:0,(anonymous_5)
FNDA:1,(anonymous_6)
FNDA:0,(anonymous_7)
FNDA:0,(anonymous_8)
FNDA:0,(anonymous_9)
FNDA:0,(anonymous_10)
FNDA:0,(anonymous_11)
FNDA:0,(anonymous_12)
FNDA:0,(anonymous_13)
FNDA:0,(anonymous_14)
FNDA:0,(anonymous_15)
FNDA:0,(anonymous_16)
FNDA:0,(anonymous_17)
FNDA:0,(anonymous_18)
FNDA:0,(anonymous_19)
FNDA:0,(anonymous_20)
FNDA:0,(anonymous_21)
FNDA:0,(anonymous_22)
FNDA:0,(anonymous_23)
FNDA:0,(anonymous_24)
FNDA:0,(anonymous_25)
FNDA:0,(anonymous_26)
FNDA:0,resetPassword
FNDA:0,(anonymous_28)
FNDA:0,(anonymous_29)
FNDA:0,(anonymous_30)
FNDA:0,sendResetPasswordEmail
FNDA:0,(anonymous_32)
FNDA:0,(anonymous_33)
FNDA:0,(anonymous_34)
FNDA:0,(anonymous_35)
FNDA:0,createRandomToken
FNDA:0,(anonymous_37)
FNDA:0,setRandomToken
FNDA:0,(anonymous_39)
FNDA:0,(anonymous_40)
FNDA:0,sendForgotPasswordEmail
FNDA:0,(anonymous_42)
FNDA:0,(anonymous_43)
DA:1,5
DA:2,5
DA:3,5
DA:4,5
DA:5,5
DA:9,5
DA:10,5
DA:17,5
DA:18,1
DA:19,0
DA:21,1
DA:30,5
DA:31,1
DA:32,1
DA:33,1
DA:35,1
DA:37,1
DA:38,1
DA:39,1
DA:42,0
DA:43,0
DA:44,0
DA:45,0
DA:46,0
DA:48,0
DA:49,0
DA:50,0
DA:51,0
DA:60,5
DA:61,0
DA:62,0
DA:69,5
DA:70,1
DA:71,0
DA:73,1
DA:82,5
DA:83,0
DA:84,0
DA:85,0
DA:86,0
DA:88,0
DA:90,0
DA:91,0
DA:92,0
DA:95,0
DA:100,0
DA:101,0
DA:102,0
DA:103,0
DA:104,0
DA:106,0
DA:107,0
DA:108,0
DA:109,0
DA:110,0
DA:112,0
DA:122,5
DA:123,0
DA:132,5
DA:133,0
DA:134,0
DA:136,0
DA:138,0
DA:139,0
DA:140,0
DA:143,0
DA:144,0
DA:145,0
DA:146,0
DA:147,0
DA:148,0
DA:149,0
DA:150,0
DA:151,0
DA:152,0
DA:153,0
DA:154,0
DA:156,0
DA:158,0
DA:159,0
DA:168,5
DA:169,0
DA:170,0
DA:172,0
DA:174,0
DA:175,0
DA:176,0
DA:179,0
DA:180,0
DA:181,0
DA:182,0
DA:183,0
DA:184,0
DA:185,0
DA:194,5
DA:195,0
DA:196,0
DA:197,0
DA:198,0
DA:199,0
DA:207,5
DA:208,0
DA:209,0
DA:210,0
DA:211,0
DA:212,0
DA:213,0
DA:214,0
DA:215,0
DA:216,0
DA:225,5
DA:226,0
DA:227,0
DA:229,0
DA:233,0
DA:234,0
DA:235,0
DA:236,0
DA:238,0
DA:248,5
DA:249,0
DA:250,0
DA:252,0
DA:254,0
DA:255,0
DA:256,0
DA:259,0
DA:261,0
DA:265,0
DA:266,0
DA:267,0
DA:268,0
DA:270,0
DA:271,0
DA:272,0
DA:273,0
DA:274,0
DA:275,0
DA:276,0
DA:282,0
DA:289,0
DA:295,0
DA:296,0
DA:297,0
DA:301,0
DA:302,0
DA:310,5
DA:311,0
DA:312,0
DA:314,0
DA:323,5
DA:324,0
DA:325,0
DA:327,0
DA:329,0
DA:330,0
DA:331,0
DA:334,0
DA:336,0
DA:337,0
DA:338,0
DA:342,0
DA:343,0
DA:344,0
DA:345,0
DA:346,0
DA:348,0
DA:349,0
DA:350,0
DA:351,0
DA:356,0
DA:363,0
DA:372,0
DA:373,0
DA:374,0
DA:378,0
DA:379,0
LF:177
LH:32
BRDA:18,0,0,0
BRDA:18,0,1,1
BRDA:37,1,0,1
BRDA:37,1,1,0
BRDA:43,2,0,0
BRDA:43,2,1,0
BRDA:44,3,0,0
BRDA:44,3,1,0
BRDA:49,4,0,0
BRDA:49,4,1,0
BRDA:51,5,0,0
BRDA:51,5,1,0
BRDA:70,6,0,0
BRDA:70,6,1,1
BRDA:90,7,0,0
BRDA:90,7,1,0
BRDA:101,8,0,0
BRDA:101,8,1,0
BRDA:102,9,0,0
BRDA:102,9,1,0
BRDA:107,10,0,0
BRDA:107,10,1,0
BRDA:109,11,0,0
BRDA:109,11,1,0
BRDA:138,12,0,0
BRDA:138,12,1,0
BRDA:144,13,0,0
BRDA:144,13,1,0
BRDA:145,14,0,0
BRDA:145,14,1,0
BRDA:146,15,0,0
BRDA:146,15,1,0
BRDA:147,16,0,0
BRDA:147,16,1,0
BRDA:148,17,0,0
BRDA:148,17,1,0
BRDA:149,18,0,0
BRDA:149,18,1,0
BRDA:151,19,0,0
BRDA:151,19,1,0
BRDA:152,20,0,0
BRDA:152,20,1,0
BRDA:174,21,0,0
BRDA:174,21,1,0
BRDA:180,22,0,0
BRDA:180,22,1,0
BRDA:183,23,0,0
BRDA:183,23,1,0
BRDA:196,24,0,0
BRDA:196,24,1,0
BRDA:210,25,0,0
BRDA:210,25,1,0
BRDA:214,26,0,0
BRDA:214,26,1,0
BRDA:226,27,0,0
BRDA:226,27,1,0
BRDA:233,28,0,0
BRDA:233,28,1,0
BRDA:234,29,0,0
BRDA:234,29,1,0
BRDA:254,30,0,0
BRDA:254,30,1,0
BRDA:265,31,0,0
BRDA:265,31,1,0
BRDA:266,32,0,0
BRDA:266,32,1,0
BRDA:274,33,0,0
BRDA:274,33,1,0
BRDA:301,34,0,0
BRDA:301,34,1,0
BRDA:311,35,0,0
BRDA:311,35,1,0
BRDA:329,36,0,0
BRDA:329,36,1,0
BRDA:343,37,0,0
BRDA:343,37,1,0
BRDA:344,38,0,0
BRDA:344,38,1,0
BRDA:378,39,0,0
BRDA:378,39,1,0
BRF:80
BRH:3
end_of_record
TN:
SF:/Users/guy/payzone/scottish_power_server/src/models/User.ts
FN:56,save
FN:59,(anonymous_2)
FN:61,(anonymous_3)
FN:69,(anonymous_4)
FN:70,(anonymous_5)
FN:80,(anonymous_6)
FNF:6
FNH:0
FNDA:0,save
FNDA:0,(anonymous_2)
FNDA:0,(anonymous_3)
FNDA:0,(anonymous_4)
FNDA:0,(anonymous_5)
FNDA:0,(anonymous_6)
DA:1,5
DA:2,5
DA:3,5
DA:33,5
DA:56,5
DA:57,0
DA:58,0
DA:59,0
DA:60,0
DA:61,0
DA:62,0
DA:63,0
DA:64,0
DA:69,5
DA:70,0
DA:71,0
DA:75,5
DA:80,5
DA:81,0
DA:82,0
DA:84,0
DA:85,0
DA:87,0
DA:88,0
DA:92,5
DA:93,5
LF:26
LH:10
BRDA:58,0,0,0
BRDA:58,0,1,0
BRDA:60,1,0,0
BRDA:60,1,1,0
BRDA:62,2,0,0
BRDA:62,2,1,0
BRDA:81,3,0,0
BRDA:81,3,1,0
BRDA:84,4,0,0
BRDA:84,4,1,0
BRF:10
BRH:0
end_of_record
TN:
SF:/Users/guy/payzone/scottish_power_server/src/util/logger.ts
FNF:0
FNH:0
DA:1,5
DA:2,5
DA:5,5
DA:12,5
DA:13,5
DA:16,5
LF:6
LH:6
BRDA:7,0,0,0
BRDA:7,0,1,5
BRDA:12,1,0,5
BRDA:12,1,1,0
BRF:4
BRH:2
end_of_record
TN:
SF:/Users/guy/payzone/scottish_power_server/src/util/secrets.ts
FNF:0
FNH:0
DA:1,5
DA:2,5
DA:3,5
DA:5,5
DA:6,0
DA:7,0
DA:9,5
DA:10,5
DA:12,5
DA:13,5
DA:15,5
DA:16,5
DA:18,5
DA:19,0
DA:20,0
DA:23,5
DA:24,0
DA:25,0
LF:18
LH:12
BRDA:5,0,0,0
BRDA:5,0,1,5
BRDA:16,1,0,0
BRDA:16,1,1,5
BRDA:18,2,0,0
BRDA:18,2,1,5
BRDA:23,3,0,0
BRDA:23,3,1,5
BRF:8
BRH:4
end_of_record
